#
# There is insufficient memory for the Java Runtime Environment to continue.
# Native memory allocation (malloc) failed to allocate 1226416 bytes for Chunk::new
# Possible reasons:
#   The system is out of physical RAM or swap space
#   In 32 bit mode, the process size limit was hit
# Possible solutions:
#   Reduce memory load on the system
#   Increase physical memory or swap space
#   Check if swap backing store is full
#   Use 64 bit Java on a 64 bit OS
#   Decrease Java heap size (-Xmx/-Xms)
#   Decrease number of Java threads
#   Decrease Java thread stack sizes (-Xss)
#   Set larger code cache with -XX:ReservedCodeCacheSize=
# This output file may be truncated or incomplete.
#
#  Out of Memory Error (allocation.cpp:390), pid=5948, tid=0x00000000000043f8
#
# JRE version: Java(TM) SE Runtime Environment (8.0_131-b11) (build 1.8.0_131-b11)
# Java VM: Java HotSpot(TM) 64-Bit Server VM (25.131-b11 mixed mode windows-amd64 compressed oops)
# Failed to write core dump. Minidumps are not enabled by default on client versions of Windows
#

---------------  T H R E A D  ---------------

Current thread (0x000000001af94800):  JavaThread "C2 CompilerThread2" daemon [_thread_in_native, id=17400, stack(0x000000001c2d0000,0x000000001c3d0000)]

Stack: [0x000000001c2d0000,0x000000001c3d0000]
[error occurred during error reporting (printing stack bounds), id 0xc0000005]

Native frames: (J=compiled Java code, j=interpreted, Vv=VM code, C=native code)


Current CompileTask:
C2:   2164 2197   !   4       org.eclipse.osgi.internal.loader.classpath.ClasspathManager::defineClass (636 bytes)


---------------  P R O C E S S  ---------------

Java Threads: ( => current thread )
  0x000000001dbb0800 JavaThread "Worker-4" [_thread_blocked, id=22444, stack(0x0000000020980000,0x0000000020a80000)]
  0x000000001f5c0800 JavaThread "Worker-3" [_thread_blocked, id=9136, stack(0x0000000020680000,0x0000000020780000)]
  0x000000001d71a800 JavaThread "Worker-2" [_thread_blocked, id=20996, stack(0x000000001f4b0000,0x000000001f5b0000)]
  0x000000001d8ae800 JavaThread "pool-1-thread-1" [_thread_in_Java, id=25900, stack(0x000000001f3b0000,0x000000001f4b0000)]
  0x000000001d764000 JavaThread "pool-2-thread-1" [_thread_blocked, id=25376, stack(0x000000001f0b0000,0x000000001f1b0000)]
  0x000000001d159000 JavaThread "Worker-1: Refreshing workspace" [_thread_blocked, id=23920, stack(0x000000001edb0000,0x000000001eeb0000)]
  0x000000001d158800 JavaThread "Java indexing" daemon [_thread_blocked, id=19804, stack(0x000000001ecb0000,0x000000001edb0000)]
  0x000000001d620800 JavaThread "Worker-0: Initialize Workspace" [_thread_blocked, id=14196, stack(0x000000001e9b0000,0x000000001eab0000)]
  0x000000001d131000 JavaThread "Worker-JM" [_thread_blocked, id=13956, stack(0x000000001e4b0000,0x000000001e5b0000)]
  0x000000001d45b000 JavaThread "Start Level: Equinox Container: 8e24c388-811d-444b-b193-4f3232ab9a27" daemon [_thread_blocked, id=16388, stack(0x000000001e140000,0x000000001e240000)]
  0x000000001d528000 JavaThread "Framework Event Dispatcher: Equinox Container: 8e24c388-811d-444b-b193-4f3232ab9a27" daemon [_thread_blocked, id=25968, stack(0x000000001e040000,0x000000001e140000)]
  0x000000001ce17800 JavaThread "Active Thread: Equinox Container: 8e24c388-811d-444b-b193-4f3232ab9a27" [_thread_blocked, id=18168, stack(0x000000001df40000,0x000000001e040000)]
  0x000000001b02d000 JavaThread "Service Thread" daemon [_thread_blocked, id=24912, stack(0x000000001c4d0000,0x000000001c5d0000)]
  0x000000001af98800 JavaThread "C1 CompilerThread3" daemon [_thread_in_native, id=2032, stack(0x000000001c3d0000,0x000000001c4d0000)]
=>0x000000001af94800 JavaThread "C2 CompilerThread2" daemon [_thread_in_native, id=17400, stack(0x000000001c2d0000,0x000000001c3d0000)]
  0x000000001af93800 JavaThread "C2 CompilerThread1" daemon [_thread_in_native, id=15736, stack(0x000000001c1d0000,0x000000001c2d0000)]
  0x000000001af8d000 JavaThread "C2 CompilerThread0" daemon [_thread_in_native, id=5876, stack(0x000000001c0d0000,0x000000001c1d0000)]
  0x000000001af8b000 JavaThread "Attach Listener" daemon [_thread_blocked, id=19560, stack(0x000000001bed0000,0x000000001bfd0000)]
  0x000000001af8a800 JavaThread "Signal Dispatcher" daemon [_thread_blocked, id=20056, stack(0x000000001bdd0000,0x000000001bed0000)]
  0x000000001af74800 JavaThread "Surrogate Locker Thread (Concurrent GC)" daemon [_thread_blocked, id=24720, stack(0x000000001bcd0000,0x000000001bdd0000)]
  0x000000001af01000 JavaThread "Finalizer" daemon [_thread_blocked, id=19940, stack(0x000000001bbd0000,0x000000001bcd0000)]
  0x000000001aefa800 JavaThread "Reference Handler" daemon [_thread_blocked, id=11652, stack(0x000000001bad0000,0x000000001bbd0000)]
  0x0000000004912800 JavaThread "main" [_thread_blocked, id=18116, stack(0x0000000004810000,0x0000000004910000)]

Other Threads:
  0x000000001aef2800 VMThread [stack: 0x000000001b9d0000,0x000000001bad0000] [id=19480]
  0x000000001b087000 WatcherThread [stack: 0x000000001c5d0000,0x000000001c6d0000] [id=18452]

VM state:not at safepoint (normal execution)

VM Mutex/Monitor currently owned by a thread: None

Heap:
 garbage-first heap   total 196608K, used 83640K [0x00000000c0000000, 0x00000000c0100600, 0x0000000100000000)
  region size 1024K, 76 young (77824K), 10 survivors (10240K)
 Metaspace       used 27921K, capacity 29942K, committed 30080K, reserved 1075200K
  class space    used 3116K, capacity 3656K, committed 3712K, reserved 1048576K

Heap Regions: (Y=young(eden), SU=young(survivor), HS=humongous(starts), HC=humongous(continues), CS=collection set, F=free, TS=gc time stamp, PTAMS=previous top-at-mark-start, NTAMS=next top-at-mark-start)
AC   0  O    TS     0 PTAMS 0x00000000c0100000 NTAMS 0x00000000c0100000 space 1024K, 100% used [0x00000000c0000000, 0x00000000c0100000)
AC   0  O    TS     0 PTAMS 0x00000000c0200000 NTAMS 0x00000000c0200000 space 1024K, 100% used [0x00000000c0100000, 0x00000000c0200000)
AC   0  O    TS     0 PTAMS 0x00000000c0300000 NTAMS 0x00000000c0300000 space 1024K, 100% used [0x00000000c0200000, 0x00000000c0300000)
AC   0  F    TS     0 PTAMS 0x00000000c0300000 NTAMS 0x00000000c0300000 space 1024K,   0% used [0x00000000c0300000, 0x00000000c0400000)
AC   0  F    TS     0 PTAMS 0x00000000c0400000 NTAMS 0x00000000c0400000 space 1024K,   0% used [0x00000000c0400000, 0x00000000c0500000)
AC   0  O    TS     0 PTAMS 0x00000000c0600000 NTAMS 0x00000000c0600000 space 1024K, 100% used [0x00000000c0500000, 0x00000000c0600000)
AC   0  O    TS     0 PTAMS 0x00000000c0700000 NTAMS 0x00000000c0700000 space 1024K, 100% used [0x00000000c0600000, 0x00000000c0700000)
AC   0  O    TS     0 PTAMS 0x00000000c0800000 NTAMS 0x00000000c0800000 space 1024K, 100% used [0x00000000c0700000, 0x00000000c0800000)
AC   0  O    TS     0 PTAMS 0x00000000c08ae000 NTAMS 0x00000000c08ae000 space 1024K,  67% used [0x00000000c0800000, 0x00000000c0900000)
AC   0  F    TS     0 PTAMS 0x00000000c0900000 NTAMS 0x00000000c0900000 space 1024K,   0% used [0x00000000c0900000, 0x00000000c0a00000)
AC   0  F    TS     0 PTAMS 0x00000000c0a00000 NTAMS 0x00000000c0a00000 space 1024K,   0% used [0x00000000c0a00000, 0x00000000c0b00000)
AC   0  F    TS     0 PTAMS 0x00000000c0b00000 NTAMS 0x00000000c0b00000 space 1024K,   0% used [0x00000000c0b00000, 0x00000000c0c00000)
AC   0  F    TS     0 PTAMS 0x00000000c0c00000 NTAMS 0x00000000c0c00000 space 1024K,   0% used [0x00000000c0c00000, 0x00000000c0d00000)
AC   0  F    TS     0 PTAMS 0x00000000c0d00000 NTAMS 0x00000000c0d00000 space 1024K,   0% used [0x00000000c0d00000, 0x00000000c0e00000)
AC   0  F    TS     0 PTAMS 0x00000000c0e00000 NTAMS 0x00000000c0e00000 space 1024K,   0% used [0x00000000c0e00000, 0x00000000c0f00000)
AC   0  F    TS     0 PTAMS 0x00000000c0f00000 NTAMS 0x00000000c0f00000 space 1024K,   0% used [0x00000000c0f00000, 0x00000000c1000000)
AC   0  F    TS     0 PTAMS 0x00000000c1000000 NTAMS 0x00000000c1000000 space 1024K,   0% used [0x00000000c1000000, 0x00000000c1100000)
AC   0  F    TS     0 PTAMS 0x00000000c1100000 NTAMS 0x00000000c1100000 space 1024K,   0% used [0x00000000c1100000, 0x00000000c1200000)
AC   0  F    TS     0 PTAMS 0x00000000c1200000 NTAMS 0x00000000c1200000 space 1024K,   0% used [0x00000000c1200000, 0x00000000c1300000)
AC   0  F    TS     0 PTAMS 0x00000000c1300000 NTAMS 0x00000000c1300000 space 1024K,   0% used [0x00000000c1300000, 0x00000000c1400000)
AC   0  F    TS     0 PTAMS 0x00000000c1400000 NTAMS 0x00000000c1400000 space 1024K,   0% used [0x00000000c1400000, 0x00000000c1500000)
AC   0  F    TS     0 PTAMS 0x00000000c1500000 NTAMS 0x00000000c1500000 space 1024K,   0% used [0x00000000c1500000, 0x00000000c1600000)
AC   0  F    TS     0 PTAMS 0x00000000c1600000 NTAMS 0x00000000c1600000 space 1024K,   0% used [0x00000000c1600000, 0x00000000c1700000)
AC   0  F    TS     0 PTAMS 0x00000000c1700000 NTAMS 0x00000000c1700000 space 1024K,   0% used [0x00000000c1700000, 0x00000000c1800000)
AC   0  F    TS     0 PTAMS 0x00000000c1800000 NTAMS 0x00000000c1800000 space 1024K,   0% used [0x00000000c1800000, 0x00000000c1900000)
AC   0  F    TS     0 PTAMS 0x00000000c1900000 NTAMS 0x00000000c1900000 space 1024K,   0% used [0x00000000c1900000, 0x00000000c1a00000)
AC   0  F    TS     0 PTAMS 0x00000000c1a00000 NTAMS 0x00000000c1a00000 space 1024K,   0% used [0x00000000c1a00000, 0x00000000c1b00000)
AC   0  F    TS     0 PTAMS 0x00000000c1b00000 NTAMS 0x00000000c1b00000 space 1024K,   0% used [0x00000000c1b00000, 0x00000000c1c00000)
AC   0  F    TS     0 PTAMS 0x00000000c1c00000 NTAMS 0x00000000c1c00000 space 1024K,   0% used [0x00000000c1c00000, 0x00000000c1d00000)
AC   0  F    TS     0 PTAMS 0x00000000c1d00000 NTAMS 0x00000000c1d00000 space 1024K,   0% used [0x00000000c1d00000, 0x00000000c1e00000)
AC   0  F    TS     0 PTAMS 0x00000000c1e00000 NTAMS 0x00000000c1e00000 space 1024K,   0% used [0x00000000c1e00000, 0x00000000c1f00000)
AC   0  F    TS     0 PTAMS 0x00000000c1f00000 NTAMS 0x00000000c1f00000 space 1024K,   0% used [0x00000000c1f00000, 0x00000000c2000000)
AC   0  F    TS     0 PTAMS 0x00000000c2000000 NTAMS 0x00000000c2000000 space 1024K,   0% used [0x00000000c2000000, 0x00000000c2100000)
AC   0  F    TS     0 PTAMS 0x00000000c2100000 NTAMS 0x00000000c2100000 space 1024K,   0% used [0x00000000c2100000, 0x00000000c2200000)
AC   0  F    TS     0 PTAMS 0x00000000c2200000 NTAMS 0x00000000c2200000 space 1024K,   0% used [0x00000000c2200000, 0x00000000c2300000)
AC   0  F    TS     0 PTAMS 0x00000000c2300000 NTAMS 0x00000000c2300000 space 1024K,   0% used [0x00000000c2300000, 0x00000000c2400000)
AC   0  F    TS     0 PTAMS 0x00000000c2400000 NTAMS 0x00000000c2400000 space 1024K,   0% used [0x00000000c2400000, 0x00000000c2500000)
AC   0  F    TS     0 PTAMS 0x00000000c2500000 NTAMS 0x00000000c2500000 space 1024K,   0% used [0x00000000c2500000, 0x00000000c2600000)
AC   0  F    TS     0 PTAMS 0x00000000c2600000 NTAMS 0x00000000c2600000 space 1024K,   0% used [0x00000000c2600000, 0x00000000c2700000)
AC   0  F    TS     0 PTAMS 0x00000000c2700000 NTAMS 0x00000000c2700000 space 1024K,   0% used [0x00000000c2700000, 0x00000000c2800000)
AC   0  F    TS     0 PTAMS 0x00000000c2800000 NTAMS 0x00000000c2800000 space 1024K,   0% used [0x00000000c2800000, 0x00000000c2900000)
AC   0  F    TS     0 PTAMS 0x00000000c2900000 NTAMS 0x00000000c2900000 space 1024K,   0% used [0x00000000c2900000, 0x00000000c2a00000)
AC   0  F    TS     0 PTAMS 0x00000000c2a00000 NTAMS 0x00000000c2a00000 space 1024K,   0% used [0x00000000c2a00000, 0x00000000c2b00000)
AC   0  F    TS     0 PTAMS 0x00000000c2b00000 NTAMS 0x00000000c2b00000 space 1024K,   0% used [0x00000000c2b00000, 0x00000000c2c00000)
AC   0  F    TS     0 PTAMS 0x00000000c2c00000 NTAMS 0x00000000c2c00000 space 1024K,   0% used [0x00000000c2c00000, 0x00000000c2d00000)
AC   0  F    TS     0 PTAMS 0x00000000c2d00000 NTAMS 0x00000000c2d00000 space 1024K,   0% used [0x00000000c2d00000, 0x00000000c2e00000)
AC   0  F    TS     0 PTAMS 0x00000000c2e00000 NTAMS 0x00000000c2e00000 space 1024K,   0% used [0x00000000c2e00000, 0x00000000c2f00000)
AC   0  F    TS     0 PTAMS 0x00000000c2f00000 NTAMS 0x00000000c2f00000 space 1024K,   0% used [0x00000000c2f00000, 0x00000000c3000000)
AC   0  F    TS     0 PTAMS 0x00000000c3000000 NTAMS 0x00000000c3000000 space 1024K,   0% used [0x00000000c3000000, 0x00000000c3100000)
AC   0  F    TS     0 PTAMS 0x00000000c3100000 NTAMS 0x00000000c3100000 space 1024K,   0% used [0x00000000c3100000, 0x00000000c3200000)
AC   0  F    TS     0 PTAMS 0x00000000c3200000 NTAMS 0x00000000c3200000 space 1024K,   0% used [0x00000000c3200000, 0x00000000c3300000)
AC   0  F    TS     0 PTAMS 0x00000000c3300000 NTAMS 0x00000000c3300000 space 1024K,   0% used [0x00000000c3300000, 0x00000000c3400000)
AC   0  F    TS     0 PTAMS 0x00000000c3400000 NTAMS 0x00000000c3400000 space 1024K,   0% used [0x00000000c3400000, 0x00000000c3500000)
AC   0  F    TS     0 PTAMS 0x00000000c3500000 NTAMS 0x00000000c3500000 space 1024K,   0% used [0x00000000c3500000, 0x00000000c3600000)
AC   0  F    TS     0 PTAMS 0x00000000c3600000 NTAMS 0x00000000c3600000 space 1024K,   0% used [0x00000000c3600000, 0x00000000c3700000)
AC   0  F    TS     0 PTAMS 0x00000000c3700000 NTAMS 0x00000000c3700000 space 1024K,   0% used [0x00000000c3700000, 0x00000000c3800000)
AC   0  F    TS     0 PTAMS 0x00000000c3800000 NTAMS 0x00000000c3800000 space 1024K,   0% used [0x00000000c3800000, 0x00000000c3900000)
AC   0  F    TS     0 PTAMS 0x00000000c3900000 NTAMS 0x00000000c3900000 space 1024K,   0% used [0x00000000c3900000, 0x00000000c3a00000)
AC   0  F    TS     0 PTAMS 0x00000000c3a00000 NTAMS 0x00000000c3a00000 space 1024K,   0% used [0x00000000c3a00000, 0x00000000c3b00000)
AC   0  F    TS     0 PTAMS 0x00000000c3b00000 NTAMS 0x00000000c3b00000 space 1024K,   0% used [0x00000000c3b00000, 0x00000000c3c00000)
AC   0  F    TS     0 PTAMS 0x00000000c3c00000 NTAMS 0x00000000c3c00000 space 1024K,   0% used [0x00000000c3c00000, 0x00000000c3d00000)
AC   0  F    TS     0 PTAMS 0x00000000c3d00000 NTAMS 0x00000000c3d00000 space 1024K,   0% used [0x00000000c3d00000, 0x00000000c3e00000)
AC   0  F    TS     0 PTAMS 0x00000000c3e00000 NTAMS 0x00000000c3e00000 space 1024K,   0% used [0x00000000c3e00000, 0x00000000c3f00000)
AC   0  F    TS     0 PTAMS 0x00000000c3f00000 NTAMS 0x00000000c3f00000 space 1024K,   0% used [0x00000000c3f00000, 0x00000000c4000000)
AC   0  F    TS     0 PTAMS 0x00000000c4000000 NTAMS 0x00000000c4000000 space 1024K,   0% used [0x00000000c4000000, 0x00000000c4100000)
AC   0  F    TS     0 PTAMS 0x00000000c4100000 NTAMS 0x00000000c4100000 space 1024K,   0% used [0x00000000c4100000, 0x00000000c4200000)
AC   0  F    TS     0 PTAMS 0x00000000c4200000 NTAMS 0x00000000c4200000 space 1024K,   0% used [0x00000000c4200000, 0x00000000c4300000)
AC   0  F    TS     0 PTAMS 0x00000000c4300000 NTAMS 0x00000000c4300000 space 1024K,   0% used [0x00000000c4300000, 0x00000000c4400000)
AC   0  F    TS     0 PTAMS 0x00000000c4400000 NTAMS 0x00000000c4400000 space 1024K,   0% used [0x00000000c4400000, 0x00000000c4500000)
AC   0  F    TS     0 PTAMS 0x00000000c4500000 NTAMS 0x00000000c4500000 space 1024K,   0% used [0x00000000c4500000, 0x00000000c4600000)
AC   0  F    TS     0 PTAMS 0x00000000c4600000 NTAMS 0x00000000c4600000 space 1024K,   0% used [0x00000000c4600000, 0x00000000c4700000)
AC   0  F    TS     0 PTAMS 0x00000000c4700000 NTAMS 0x00000000c4700000 space 1024K,   0% used [0x00000000c4700000, 0x00000000c4800000)
AC   0  F    TS     0 PTAMS 0x00000000c4800000 NTAMS 0x00000000c4800000 space 1024K,   0% used [0x00000000c4800000, 0x00000000c4900000)
AC   0  F    TS     0 PTAMS 0x00000000c4900000 NTAMS 0x00000000c4900000 space 1024K,   0% used [0x00000000c4900000, 0x00000000c4a00000)
AC   0  F    TS     0 PTAMS 0x00000000c4a00000 NTAMS 0x00000000c4a00000 space 1024K,   0% used [0x00000000c4a00000, 0x00000000c4b00000)
AC   0  F    TS     0 PTAMS 0x00000000c4b00000 NTAMS 0x00000000c4b00000 space 1024K,   0% used [0x00000000c4b00000, 0x00000000c4c00000)
AC   0  F    TS     0 PTAMS 0x00000000c4c00000 NTAMS 0x00000000c4c00000 space 1024K,   0% used [0x00000000c4c00000, 0x00000000c4d00000)
AC   0  F    TS     0 PTAMS 0x00000000c4d00000 NTAMS 0x00000000c4d00000 space 1024K,   0% used [0x00000000c4d00000, 0x00000000c4e00000)
AC   0  F    TS     0 PTAMS 0x00000000c4e00000 NTAMS 0x00000000c4e00000 space 1024K,   0% used [0x00000000c4e00000, 0x00000000c4f00000)
AC   0  F    TS     0 PTAMS 0x00000000c4f00000 NTAMS 0x00000000c4f00000 space 1024K,   0% used [0x00000000c4f00000, 0x00000000c5000000)
AC   0  F    TS     0 PTAMS 0x00000000c5000000 NTAMS 0x00000000c5000000 space 1024K,   0% used [0x00000000c5000000, 0x00000000c5100000)
AC   0  F    TS     0 PTAMS 0x00000000c5100000 NTAMS 0x00000000c5100000 space 1024K,   0% used [0x00000000c5100000, 0x00000000c5200000)
AC   0  F    TS     0 PTAMS 0x00000000c5200000 NTAMS 0x00000000c5200000 space 1024K,   0% used [0x00000000c5200000, 0x00000000c5300000)
AC   0  F    TS     0 PTAMS 0x00000000c5300000 NTAMS 0x00000000c5300000 space 1024K,   0% used [0x00000000c5300000, 0x00000000c5400000)
AC   0  F    TS     0 PTAMS 0x00000000c5400000 NTAMS 0x00000000c5400000 space 1024K,   0% used [0x00000000c5400000, 0x00000000c5500000)
AC   0  F    TS     0 PTAMS 0x00000000c5500000 NTAMS 0x00000000c5500000 space 1024K,   0% used [0x00000000c5500000, 0x00000000c5600000)
AC   0  F    TS     0 PTAMS 0x00000000c5600000 NTAMS 0x00000000c5600000 space 1024K,   0% used [0x00000000c5600000, 0x00000000c5700000)
AC   0  F    TS     0 PTAMS 0x00000000c5700000 NTAMS 0x00000000c5700000 space 1024K,   0% used [0x00000000c5700000, 0x00000000c5800000)
AC   0  F    TS     0 PTAMS 0x00000000c5800000 NTAMS 0x00000000c5800000 space 1024K,   0% used [0x00000000c5800000, 0x00000000c5900000)
AC   0  F    TS     0 PTAMS 0x00000000c5900000 NTAMS 0x00000000c5900000 space 1024K,   0% used [0x00000000c5900000, 0x00000000c5a00000)
AC   0  F    TS     0 PTAMS 0x00000000c5a00000 NTAMS 0x00000000c5a00000 space 1024K,   0% used [0x00000000c5a00000, 0x00000000c5b00000)
AC   0  F    TS     0 PTAMS 0x00000000c5b00000 NTAMS 0x00000000c5b00000 space 1024K,   0% used [0x00000000c5b00000, 0x00000000c5c00000)
AC   0  F    TS     0 PTAMS 0x00000000c5c00000 NTAMS 0x00000000c5c00000 space 1024K,   0% used [0x00000000c5c00000, 0x00000000c5d00000)
AC   0  F    TS     0 PTAMS 0x00000000c5d00000 NTAMS 0x00000000c5d00000 space 1024K,   0% used [0x00000000c5d00000, 0x00000000c5e00000)
AC   0  F    TS     0 PTAMS 0x00000000c5e00000 NTAMS 0x00000000c5e00000 space 1024K,   0% used [0x00000000c5e00000, 0x00000000c5f00000)
AC   0  F    TS     0 PTAMS 0x00000000c5f00000 NTAMS 0x00000000c5f00000 space 1024K,   0% used [0x00000000c5f00000, 0x00000000c6000000)
AC   0  F    TS     0 PTAMS 0x00000000c6000000 NTAMS 0x00000000c6000000 space 1024K,   0% used [0x00000000c6000000, 0x00000000c6100000)
AC   0  F    TS     0 PTAMS 0x00000000c6100000 NTAMS 0x00000000c6100000 space 1024K,   0% used [0x00000000c6100000, 0x00000000c6200000)
AC   0  F    TS     0 PTAMS 0x00000000c6200000 NTAMS 0x00000000c6200000 space 1024K,   0% used [0x00000000c6200000, 0x00000000c6300000)
AC   0  F    TS     0 PTAMS 0x00000000c6300000 NTAMS 0x00000000c6300000 space 1024K,   0% used [0x00000000c6300000, 0x00000000c6400000)
AC   0  F    TS     0 PTAMS 0x00000000c6400000 NTAMS 0x00000000c6400000 space 1024K,   0% used [0x00000000c6400000, 0x00000000c6500000)
AC   0  F    TS     0 PTAMS 0x00000000c6500000 NTAMS 0x00000000c6500000 space 1024K,   0% used [0x00000000c6500000, 0x00000000c6600000)
AC   0  F    TS     0 PTAMS 0x00000000c6600000 NTAMS 0x00000000c6600000 space 1024K,   0% used [0x00000000c6600000, 0x00000000c6700000)
AC   0  F    TS     0 PTAMS 0x00000000c6700000 NTAMS 0x00000000c6700000 space 1024K,   0% used [0x00000000c6700000, 0x00000000c6800000)
AC   0  F    TS     0 PTAMS 0x00000000c6800000 NTAMS 0x00000000c6800000 space 1024K,   0% used [0x00000000c6800000, 0x00000000c6900000)
AC   0  F    TS     0 PTAMS 0x00000000c6900000 NTAMS 0x00000000c6900000 space 1024K,   0% used [0x00000000c6900000, 0x00000000c6a00000)
AC   0  F    TS     0 PTAMS 0x00000000c6a00000 NTAMS 0x00000000c6a00000 space 1024K,   0% used [0x00000000c6a00000, 0x00000000c6b00000)
AC   0  F    TS     0 PTAMS 0x00000000c6b00000 NTAMS 0x00000000c6b00000 space 1024K,   0% used [0x00000000c6b00000, 0x00000000c6c00000)
AC   0  F    TS     0 PTAMS 0x00000000c6c00000 NTAMS 0x00000000c6c00000 space 1024K,   0% used [0x00000000c6c00000, 0x00000000c6d00000)
AC   0  F    TS     0 PTAMS 0x00000000c6d00000 NTAMS 0x00000000c6d00000 space 1024K,   0% used [0x00000000c6d00000, 0x00000000c6e00000)
AC   0  F    TS     0 PTAMS 0x00000000c6e00000 NTAMS 0x00000000c6e00000 space 1024K,   0% used [0x00000000c6e00000, 0x00000000c6f00000)
AC   0  F    TS     0 PTAMS 0x00000000c6f00000 NTAMS 0x00000000c6f00000 space 1024K,   0% used [0x00000000c6f00000, 0x00000000c7000000)
AC   0  F    TS     0 PTAMS 0x00000000c7000000 NTAMS 0x00000000c7000000 space 1024K,   0% used [0x00000000c7000000, 0x00000000c7100000)
AC   0  F    TS     0 PTAMS 0x00000000c7100000 NTAMS 0x00000000c7100000 space 1024K,   0% used [0x00000000c7100000, 0x00000000c7200000)
AC   0  F    TS     0 PTAMS 0x00000000c7200000 NTAMS 0x00000000c7200000 space 1024K,   0% used [0x00000000c7200000, 0x00000000c7300000)
AC   0  F    TS     0 PTAMS 0x00000000c7300000 NTAMS 0x00000000c7300000 space 1024K,   0% used [0x00000000c7300000, 0x00000000c7400000)
AC   0  E    TS     0 PTAMS 0x00000000c7400000 NTAMS 0x00000000c7400000 space 1024K,  50% used [0x00000000c7400000, 0x00000000c7500000)
AC   0  E CS TS     0 PTAMS 0x00000000c7500000 NTAMS 0x00000000c7500000 space 1024K, 100% used [0x00000000c7500000, 0x00000000c7600000)
AC   0  E CS TS     0 PTAMS 0x00000000c7600000 NTAMS 0x00000000c7600000 space 1024K, 100% used [0x00000000c7600000, 0x00000000c7700000)
AC   0  E CS TS     0 PTAMS 0x00000000c7700000 NTAMS 0x00000000c7700000 space 1024K, 100% used [0x00000000c7700000, 0x00000000c7800000)
AC   0  E CS TS     0 PTAMS 0x00000000c7800000 NTAMS 0x00000000c7800000 space 1024K, 100% used [0x00000000c7800000, 0x00000000c7900000)
AC   0  E CS TS     0 PTAMS 0x00000000c7900000 NTAMS 0x00000000c7900000 space 1024K, 100% used [0x00000000c7900000, 0x00000000c7a00000)
AC   0  E CS TS     0 PTAMS 0x00000000c7a00000 NTAMS 0x00000000c7a00000 space 1024K, 100% used [0x00000000c7a00000, 0x00000000c7b00000)
AC   0  E CS TS     0 PTAMS 0x00000000c7b00000 NTAMS 0x00000000c7b00000 space 1024K, 100% used [0x00000000c7b00000, 0x00000000c7c00000)
AC   0  E CS TS     0 PTAMS 0x00000000c7c00000 NTAMS 0x00000000c7c00000 space 1024K, 100% used [0x00000000c7c00000, 0x00000000c7d00000)
AC   0  E CS TS     0 PTAMS 0x00000000c7d00000 NTAMS 0x00000000c7d00000 space 1024K, 100% used [0x00000000c7d00000, 0x00000000c7e00000)
AC   0  E CS TS     0 PTAMS 0x00000000c7e00000 NTAMS 0x00000000c7e00000 space 1024K, 100% used [0x00000000c7e00000, 0x00000000c7f00000)
AC   0  E CS TS     0 PTAMS 0x00000000c7f00000 NTAMS 0x00000000c7f00000 space 1024K, 100% used [0x00000000c7f00000, 0x00000000c8000000)
AC   0  E CS TS     0 PTAMS 0x00000000c8000000 NTAMS 0x00000000c8000000 space 1024K, 100% used [0x00000000c8000000, 0x00000000c8100000)
AC   0  E CS TS     0 PTAMS 0x00000000c8100000 NTAMS 0x00000000c8100000 space 1024K, 100% used [0x00000000c8100000, 0x00000000c8200000)
AC   0  E CS TS     0 PTAMS 0x00000000c8200000 NTAMS 0x00000000c8200000 space 1024K, 100% used [0x00000000c8200000, 0x00000000c8300000)
AC   0  E CS TS     0 PTAMS 0x00000000c8300000 NTAMS 0x00000000c8300000 space 1024K, 100% used [0x00000000c8300000, 0x00000000c8400000)
AC   0  E CS TS     0 PTAMS 0x00000000c8400000 NTAMS 0x00000000c8400000 space 1024K, 100% used [0x00000000c8400000, 0x00000000c8500000)
AC   0  E CS TS     0 PTAMS 0x00000000c8500000 NTAMS 0x00000000c8500000 space 1024K, 100% used [0x00000000c8500000, 0x00000000c8600000)
AC   0  E CS TS     0 PTAMS 0x00000000c8600000 NTAMS 0x00000000c8600000 space 1024K, 100% used [0x00000000c8600000, 0x00000000c8700000)
AC   0  E CS TS     0 PTAMS 0x00000000c8700000 NTAMS 0x00000000c8700000 space 1024K, 100% used [0x00000000c8700000, 0x00000000c8800000)
AC   0  E CS TS     0 PTAMS 0x00000000c8800000 NTAMS 0x00000000c8800000 space 1024K, 100% used [0x00000000c8800000, 0x00000000c8900000)
AC   0  E CS TS     0 PTAMS 0x00000000c8900000 NTAMS 0x00000000c8900000 space 1024K, 100% used [0x00000000c8900000, 0x00000000c8a00000)
AC   0  E CS TS     0 PTAMS 0x00000000c8a00000 NTAMS 0x00000000c8a00000 space 1024K, 100% used [0x00000000c8a00000, 0x00000000c8b00000)
AC   0  E CS TS     0 PTAMS 0x00000000c8b00000 NTAMS 0x00000000c8b00000 space 1024K, 100% used [0x00000000c8b00000, 0x00000000c8c00000)
AC   0  E CS TS     0 PTAMS 0x00000000c8c00000 NTAMS 0x00000000c8c00000 space 1024K, 100% used [0x00000000c8c00000, 0x00000000c8d00000)
AC   0  E CS TS     0 PTAMS 0x00000000c8d00000 NTAMS 0x00000000c8d00000 space 1024K, 100% used [0x00000000c8d00000, 0x00000000c8e00000)
AC   0  E CS TS     0 PTAMS 0x00000000c8e00000 NTAMS 0x00000000c8e00000 space 1024K, 100% used [0x00000000c8e00000, 0x00000000c8f00000)
AC   0  E CS TS     0 PTAMS 0x00000000c8f00000 NTAMS 0x00000000c8f00000 space 1024K, 100% used [0x00000000c8f00000, 0x00000000c9000000)
AC   0  E CS TS     0 PTAMS 0x00000000c9000000 NTAMS 0x00000000c9000000 space 1024K, 100% used [0x00000000c9000000, 0x00000000c9100000)
AC   0  E CS TS     0 PTAMS 0x00000000c9100000 NTAMS 0x00000000c9100000 space 1024K, 100% used [0x00000000c9100000, 0x00000000c9200000)
AC   0  S CS TS     0 PTAMS 0x00000000c9200000 NTAMS 0x00000000c9200000 space 1024K, 100% used [0x00000000c9200000, 0x00000000c9300000)
AC   0  S CS TS     0 PTAMS 0x00000000c9300000 NTAMS 0x00000000c9300000 space 1024K, 100% used [0x00000000c9300000, 0x00000000c9400000)
AC   0  S CS TS     0 PTAMS 0x00000000c9400000 NTAMS 0x00000000c9400000 space 1024K, 100% used [0x00000000c9400000, 0x00000000c9500000)
AC   0  S CS TS     0 PTAMS 0x00000000c9500000 NTAMS 0x00000000c9500000 space 1024K, 100% used [0x00000000c9500000, 0x00000000c9600000)
AC   0  S CS TS     0 PTAMS 0x00000000c9600000 NTAMS 0x00000000c9600000 space 1024K, 100% used [0x00000000c9600000, 0x00000000c9700000)
AC   0  S CS TS     0 PTAMS 0x00000000c9700000 NTAMS 0x00000000c9700000 space 1024K, 100% used [0x00000000c9700000, 0x00000000c9800000)
AC   0  S CS TS     0 PTAMS 0x00000000c9800000 NTAMS 0x00000000c9800000 space 1024K, 100% used [0x00000000c9800000, 0x00000000c9900000)
AC   0  S CS TS     0 PTAMS 0x00000000c9900000 NTAMS 0x00000000c9900000 space 1024K, 100% used [0x00000000c9900000, 0x00000000c9a00000)
AC   0  S CS TS     0 PTAMS 0x00000000c9a00000 NTAMS 0x00000000c9a00000 space 1024K, 100% used [0x00000000c9a00000, 0x00000000c9b00000)
AC   0  S CS TS     0 PTAMS 0x00000000c9b00000 NTAMS 0x00000000c9b00000 space 1024K, 100% used [0x00000000c9b00000, 0x00000000c9c00000)
AC   0  E CS TS     0 PTAMS 0x00000000c9c00000 NTAMS 0x00000000c9c00000 space 1024K, 100% used [0x00000000c9c00000, 0x00000000c9d00000)
AC   0  E CS TS     0 PTAMS 0x00000000c9d00000 NTAMS 0x00000000c9d00000 space 1024K, 100% used [0x00000000c9d00000, 0x00000000c9e00000)
AC   0  E CS TS     0 PTAMS 0x00000000c9e00000 NTAMS 0x00000000c9e00000 space 1024K, 100% used [0x00000000c9e00000, 0x00000000c9f00000)
AC   0  E CS TS     0 PTAMS 0x00000000c9f00000 NTAMS 0x00000000c9f00000 space 1024K, 100% used [0x00000000c9f00000, 0x00000000ca000000)
AC   0  E CS TS     0 PTAMS 0x00000000ca000000 NTAMS 0x00000000ca000000 space 1024K, 100% used [0x00000000ca000000, 0x00000000ca100000)
AC   0  E CS TS     0 PTAMS 0x00000000ca100000 NTAMS 0x00000000ca100000 space 1024K, 100% used [0x00000000ca100000, 0x00000000ca200000)
AC   0  E CS TS     0 PTAMS 0x00000000ca200000 NTAMS 0x00000000ca200000 space 1024K, 100% used [0x00000000ca200000, 0x00000000ca300000)
AC   0  E CS TS     0 PTAMS 0x00000000ca300000 NTAMS 0x00000000ca300000 space 1024K, 100% used [0x00000000ca300000, 0x00000000ca400000)
AC   0  E CS TS     0 PTAMS 0x00000000ca400000 NTAMS 0x00000000ca400000 space 1024K, 100% used [0x00000000ca400000, 0x00000000ca500000)
AC   0  E CS TS     0 PTAMS 0x00000000ca500000 NTAMS 0x00000000ca500000 space 1024K, 100% used [0x00000000ca500000, 0x00000000ca600000)
AC   0  E CS TS     0 PTAMS 0x00000000ca600000 NTAMS 0x00000000ca600000 space 1024K, 100% used [0x00000000ca600000, 0x00000000ca700000)
AC   0  E CS TS     0 PTAMS 0x00000000ca700000 NTAMS 0x00000000ca700000 space 1024K, 100% used [0x00000000ca700000, 0x00000000ca800000)
AC   0  E CS TS     0 PTAMS 0x00000000ca800000 NTAMS 0x00000000ca800000 space 1024K, 100% used [0x00000000ca800000, 0x00000000ca900000)
AC   0  E CS TS     0 PTAMS 0x00000000ca900000 NTAMS 0x00000000ca900000 space 1024K, 100% used [0x00000000ca900000, 0x00000000caa00000)
AC   0  E CS TS     0 PTAMS 0x00000000caa00000 NTAMS 0x00000000caa00000 space 1024K, 100% used [0x00000000caa00000, 0x00000000cab00000)
AC   0  E CS TS     0 PTAMS 0x00000000cab00000 NTAMS 0x00000000cab00000 space 1024K, 100% used [0x00000000cab00000, 0x00000000cac00000)
AC   0  E CS TS     0 PTAMS 0x00000000cac00000 NTAMS 0x00000000cac00000 space 1024K, 100% used [0x00000000cac00000, 0x00000000cad00000)
AC   0  E CS TS     0 PTAMS 0x00000000cad00000 NTAMS 0x00000000cad00000 space 1024K, 100% used [0x00000000cad00000, 0x00000000cae00000)
AC   0  E CS TS     0 PTAMS 0x00000000cae00000 NTAMS 0x00000000cae00000 space 1024K, 100% used [0x00000000cae00000, 0x00000000caf00000)
AC   0  E CS TS     0 PTAMS 0x00000000caf00000 NTAMS 0x00000000caf00000 space 1024K, 100% used [0x00000000caf00000, 0x00000000cb000000)
AC   0  E CS TS     0 PTAMS 0x00000000cb000000 NTAMS 0x00000000cb000000 space 1024K, 100% used [0x00000000cb000000, 0x00000000cb100000)
AC   0  E CS TS     0 PTAMS 0x00000000cb100000 NTAMS 0x00000000cb100000 space 1024K, 100% used [0x00000000cb100000, 0x00000000cb200000)
AC   0  E CS TS     0 PTAMS 0x00000000cb200000 NTAMS 0x00000000cb200000 space 1024K, 100% used [0x00000000cb200000, 0x00000000cb300000)
AC   0  E CS TS     0 PTAMS 0x00000000cb300000 NTAMS 0x00000000cb300000 space 1024K, 100% used [0x00000000cb300000, 0x00000000cb400000)
AC   0  E CS TS     0 PTAMS 0x00000000cb400000 NTAMS 0x00000000cb400000 space 1024K, 100% used [0x00000000cb400000, 0x00000000cb500000)
AC   0  E CS TS     0 PTAMS 0x00000000cb500000 NTAMS 0x00000000cb500000 space 1024K, 100% used [0x00000000cb500000, 0x00000000cb600000)
AC   0  E CS TS     0 PTAMS 0x00000000cb600000 NTAMS 0x00000000cb600000 space 1024K, 100% used [0x00000000cb600000, 0x00000000cb700000)
AC   0  E CS TS     0 PTAMS 0x00000000cb700000 NTAMS 0x00000000cb700000 space 1024K, 100% used [0x00000000cb700000, 0x00000000cb800000)
AC   0  E CS TS     0 PTAMS 0x00000000cb800000 NTAMS 0x00000000cb800000 space 1024K, 100% used [0x00000000cb800000, 0x00000000cb900000)
AC   0  E CS TS     0 PTAMS 0x00000000cb900000 NTAMS 0x00000000cb900000 space 1024K, 100% used [0x00000000cb900000, 0x00000000cba00000)
AC   0  E CS TS     0 PTAMS 0x00000000cba00000 NTAMS 0x00000000cba00000 space 1024K, 100% used [0x00000000cba00000, 0x00000000cbb00000)
AC   0  E CS TS     0 PTAMS 0x00000000cbb00000 NTAMS 0x00000000cbb00000 space 1024K, 100% used [0x00000000cbb00000, 0x00000000cbc00000)
AC   0  E CS TS     0 PTAMS 0x00000000cbc00000 NTAMS 0x00000000cbc00000 space 1024K, 100% used [0x00000000cbc00000, 0x00000000cbd00000)
AC   0  E CS TS     0 PTAMS 0x00000000cbd00000 NTAMS 0x00000000cbd00000 space 1024K, 100% used [0x00000000cbd00000, 0x00000000cbe00000)
AC   0  E CS TS     0 PTAMS 0x00000000cbe00000 NTAMS 0x00000000cbe00000 space 1024K, 100% used [0x00000000cbe00000, 0x00000000cbf00000)
AC   0  E CS TS     0 PTAMS 0x00000000cbf00000 NTAMS 0x00000000cbf00000 space 1024K, 100% used [0x00000000cbf00000, 0x00000000cc000000)

Card table byte_map: [0x0000000015b50000,0x0000000015d50000] byte_map_base: 0x0000000015550000

Marking Bits (Prev, Next): (CMBitMap*) 0x0000000004962c70, (CMBitMap*) 0x0000000004962c18
 Prev Bits: [0x0000000016f50000, 0x0000000017f50000)
 Next Bits: [0x0000000015f50000, 0x0000000016f50000)

Polling page: 0x00000000001e0000

CodeCache: size=245760Kb used=8582Kb max_used=8582Kb free=237177Kb
 bounds [0x0000000004a10000, 0x0000000005280000, 0x0000000013a10000]
 total_blobs=2953 nmethods=2475 adapters=390
 compilation: enabled

Compilation events (10 events):
Event: 2.103 Thread 0x000000001af98800 2424       3       com.google.inject.TypeLiteral::resolveAll (35 bytes)
Event: 2.103 Thread 0x000000001af98800 nmethod 2424 0x000000000522d810 code [0x000000000522d9c0, 0x000000000522dfe8]
Event: 2.103 Thread 0x000000001af98800 2425       3       com.google.inject.internal.MoreTypes::access$000 (6 bytes)
Event: 2.103 Thread 0x000000001af98800 nmethod 2425 0x000000000522d490 code [0x000000000522d600, 0x000000000522d768]
Event: 2.103 Thread 0x000000001af98800 2426       3       com.google.inject.internal.MoreTypes::checkNotPrimitive (40 bytes)
Event: 2.104 Thread 0x000000001af98800 nmethod 2426 0x0000000005232a90 code [0x0000000005232c60, 0x00000000052335a8]
Event: 2.104 Thread 0x000000001af98800 2423       3       com.google.inject.TypeLiteral::getParameterTypes (150 bytes)
Event: 2.105 Thread 0x000000001af98800 nmethod 2423 0x0000000005233810 code [0x0000000005233ce0, 0x0000000005237288]
Event: 2.105 Thread 0x000000001af98800 2421       1       sun.reflect.generics.tree.MethodTypeSignature::getParameterTypes (5 bytes)
Event: 2.106 Thread 0x000000001af98800 nmethod 2421 0x0000000005238d10 code [0x0000000005238e60, 0x0000000005238f70]

GC Heap History (6 events):
Event: 0.417 GC heap before
{Heap before GC invocations=0 (full 0):
 garbage-first heap   total 196608K, used 9216K [0x00000000c0000000, 0x00000000c0100600, 0x0000000100000000)
  region size 1024K, 9 young (9216K), 0 survivors (0K)
 Metaspace       used 5319K, capacity 5492K, committed 5760K, reserved 1056768K
  class space    used 566K, capacity 599K, committed 640K, reserved 1048576K
Event: 0.420 GC heap after
Heap after GC invocations=1 (full 0):
 garbage-first heap   total 196608K, used 2829K [0x00000000c0000000, 0x00000000c0100600, 0x0000000100000000)
  region size 1024K, 2 young (2048K), 2 survivors (2048K)
 Metaspace       used 5319K, capacity 5492K, committed 5760K, reserved 1056768K
  class space    used 566K, capacity 599K, committed 640K, reserved 1048576K
}
Event: 0.840 GC heap before
{Heap before GC invocations=1 (full 0):
 garbage-first heap   total 196608K, used 21261K [0x00000000c0000000, 0x00000000c0100600, 0x0000000100000000)
  region size 1024K, 20 young (20480K), 2 survivors (2048K)
 Metaspace       used 9700K, capacity 10080K, committed 10112K, reserved 1058816K
  class space    used 1015K, capacity 1150K, committed 1152K, reserved 1048576K
Event: 0.846 GC heap after
Heap after GC invocations=2 (full 0):
 garbage-first heap   total 196608K, used 8673K [0x00000000c0000000, 0x00000000c0100600, 0x0000000100000000)
  region size 1024K, 3 young (3072K), 3 survivors (3072K)
 Metaspace       used 9700K, capacity 10080K, committed 10112K, reserved 1058816K
  class space    used 1015K, capacity 1150K, committed 1152K, reserved 1048576K
}
Event: 1.437 GC heap before
{Heap before GC invocations=2 (full 0):
 garbage-first heap   total 196608K, used 41441K [0x00000000c0000000, 0x00000000c0100600, 0x0000000100000000)
  region size 1024K, 36 young (36864K), 3 survivors (3072K)
 Metaspace       used 20211K, capacity 21218K, committed 21296K, reserved 1069056K
  class space    used 2087K, capacity 2390K, committed 2432K, reserved 1048576K
Event: 1.445 GC heap after
Heap after GC invocations=3 (full 0):
 garbage-first heap   total 196608K, used 19128K [0x00000000c0000000, 0x00000000c0100600, 0x0000000100000000)
  region size 1024K, 10 young (10240K), 10 survivors (10240K)
 Metaspace       used 20211K, capacity 21218K, committed 21296K, reserved 1069056K
  class space    used 2087K, capacity 2390K, committed 2432K, reserved 1048576K
}

Deoptimization events (10 events):
Event: 1.514 Thread 0x000000001d8ae800 Uncommon trap: reason=unstable_if action=reinterpret pc=0x0000000004ebb574 method=java.util.jar.Manifest$FastInputStream.peek()B @ 23
Event: 1.656 Thread 0x000000001d8ae800 Uncommon trap: reason=unstable_if action=reinterpret pc=0x0000000004f4ce9c method=java.util.ArrayList.indexOf(Ljava/lang/Object;)I @ 1
Event: 1.660 Thread 0x000000001d8ae800 Uncommon trap: reason=unstable_if action=reinterpret pc=0x0000000004f40674 method=java.util.ArrayList.indexOf(Ljava/lang/Object;)I @ 1
Event: 1.717 Thread 0x000000001d8ae800 Uncommon trap: reason=unstable_if action=reinterpret pc=0x00000000050ec050 method=sun.nio.cs.StreamDecoder.implRead([CII)I @ 197
Event: 1.719 Thread 0x000000001d8ae800 Uncommon trap: reason=class_check action=maybe_recompile pc=0x0000000004e82630 method=java.io.FilterInputStream.read()I @ 4
Event: 1.723 Thread 0x000000001d8ae800 Uncommon trap: reason=class_check action=maybe_recompile pc=0x0000000004e82630 method=java.io.FilterInputStream.read()I @ 4
Event: 1.724 Thread 0x000000001d8ae800 Uncommon trap: reason=class_check action=maybe_recompile pc=0x0000000004e82630 method=java.io.FilterInputStream.read()I @ 4
Event: 1.724 Thread 0x000000001d8ae800 Uncommon trap: reason=class_check action=maybe_recompile pc=0x0000000004e82630 method=java.io.FilterInputStream.read()I @ 4
Event: 1.993 Thread 0x000000001d8ae800 Uncommon trap: reason=class_check action=maybe_recompile pc=0x0000000004f7d030 method=java.util.HashMap.putVal(ILjava/lang/Object;Ljava/lang/Object;ZZ)Ljava/lang/Object; @ 203
Event: 1.993 Thread 0x000000001d8ae800 Uncommon trap: reason=class_check action=maybe_recompile pc=0x0000000004f7d030 method=java.util.HashMap.putVal(ILjava/lang/Object;Ljava/lang/Object;ZZ)Ljava/lang/Object; @ 203

Internal exceptions (10 events):
Event: 1.466 Thread 0x000000001d620800 Exception <a 'sun/nio/fs/WindowsException'> (0x00000000cbfeef08) thrown at [C:\re\workspace\8-2-build-windows-amd64-cygwin\jdk8u131\8869\hotspot\src\share\vm\prims\jni.cpp, line 709]
Event: 1.475 Thread 0x000000001d8ae800 Exception <a 'java/lang/NoClassDefFoundError': org/slf4j/impl/StaticLoggerBinder> (0x00000000cbda5320) thrown at [C:\re\workspace\8-2-build-windows-amd64-cygwin\jdk8u131\8869\hotspot\src\share\vm\classfile\systemDictionary.cpp, line 199]
Event: 1.479 Thread 0x000000001d620800 Exception <a 'sun/nio/fs/WindowsException'> (0x00000000cbd5a9d0) thrown at [C:\re\workspace\8-2-build-windows-amd64-cygwin\jdk8u131\8869\hotspot\src\share\vm\prims\jni.cpp, line 709]
Event: 1.480 Thread 0x000000001d8ae800 Exception <a 'java/io/FileNotFoundException'> (0x00000000cbddfb30) thrown at [C:\re\workspace\8-2-build-windows-amd64-cygwin\jdk8u131\8869\hotspot\src\share\vm\prims\jni.cpp, line 709]
Event: 1.483 Thread 0x000000001d620800 Exception <a 'sun/nio/fs/WindowsException'> (0x00000000cbd779c0) thrown at [C:\re\workspace\8-2-build-windows-amd64-cygwin\jdk8u131\8869\hotspot\src\share\vm\prims\jni.cpp, line 709]
Event: 1.491 Thread 0x000000001d620800 Exception <a 'java/io/FileNotFoundException'> (0x00000000cbc20b90) thrown at [C:\re\workspace\8-2-build-windows-amd64-cygwin\jdk8u131\8869\hotspot\src\share\vm\prims\jni.cpp, line 709]
Event: 1.500 Thread 0x000000001d620800 Exception <a 'java/io/FileNotFoundException'> (0x00000000cbc56098) thrown at [C:\re\workspace\8-2-build-windows-amd64-cygwin\jdk8u131\8869\hotspot\src\share\vm\prims\jni.cpp, line 709]
Event: 1.506 Thread 0x000000001d620800 Exception <a 'java/io/FileNotFoundException'> (0x00000000cbb089a0) thrown at [C:\re\workspace\8-2-build-windows-amd64-cygwin\jdk8u131\8869\hotspot\src\share\vm\prims\jni.cpp, line 709]
Event: 1.541 Thread 0x000000001d620800 Exception <a 'sun/nio/fs/WindowsException'> (0x00000000cb9e9170) thrown at [C:\re\workspace\8-2-build-windows-amd64-cygwin\jdk8u131\8869\hotspot\src\share\vm\prims\jni.cpp, line 709]
Event: 1.552 Thread 0x000000001d620800 Exception <a 'sun/nio/fs/WindowsException'> (0x00000000cb7109d0) thrown at [C:\re\workspace\8-2-build-windows-amd64-cygwin\jdk8u131\8869\hotspot\src\share\vm\prims\jni.cpp, line 709]

Events (10 events):
Event: 2.025 loading class java/util/IdentityHashMap$IdentityHashMapIterator done
Event: 2.025 loading class java/util/IdentityHashMap$ValueIterator done
Event: 2.040 Executing VM operation: Deoptimize
Event: 2.040 Executing VM operation: Deoptimize done
Event: 2.045 loading class java/util/concurrent/ConcurrentHashMap$ValueIterator
Event: 2.045 loading class java/util/concurrent/ConcurrentHashMap$BaseIterator
Event: 2.045 loading class java/util/concurrent/ConcurrentHashMap$Traverser
Event: 2.045 loading class java/util/concurrent/ConcurrentHashMap$Traverser done
Event: 2.045 loading class java/util/concurrent/ConcurrentHashMap$BaseIterator done
Event: 2.045 loading class java/util/concurrent/ConcurrentHashMap$ValueIterator done


Dynamic libraries:
0x00007ff6ff990000 - 0x00007ff6ff9c7000 	C:\Program Files\Java\jdk1.8.0_131\bin\java.exe
0x00007fff1d9f0000 - 0x00007fff1dbd0000 	C:\WINDOWS\SYSTEM32\ntdll.dll
0x00007fff1d110000 - 0x00007fff1d1be000 	C:\WINDOWS\System32\KERNEL32.DLL
0x00007fff1a710000 - 0x00007fff1a976000 	C:\WINDOWS\System32\KERNELBASE.dll
0x00007fff1cf30000 - 0x00007fff1cfd1000 	C:\WINDOWS\System32\ADVAPI32.dll
0x00007fff1ce30000 - 0x00007fff1cecd000 	C:\WINDOWS\System32\msvcrt.dll
0x00007fff1d0b0000 - 0x00007fff1d10b000 	C:\WINDOWS\System32\sechost.dll
0x00007fff1b030000 - 0x00007fff1b14f000 	C:\WINDOWS\System32\RPCRT4.dll
0x00007fff1d1c0000 - 0x00007fff1d34f000 	C:\WINDOWS\System32\USER32.dll
0x00007fff19e40000 - 0x00007fff19e60000 	C:\WINDOWS\System32\win32u.dll
0x00007fff1b850000 - 0x00007fff1b878000 	C:\WINDOWS\System32\GDI32.dll
0x00007fff1ad20000 - 0x00007fff1aeb3000 	C:\WINDOWS\System32\gdi32full.dll
0x00007fff1ac80000 - 0x00007fff1ad1b000 	C:\WINDOWS\System32\msvcp_win.dll
0x00007fff1a5b0000 - 0x00007fff1a6a6000 	C:\WINDOWS\System32\ucrtbase.dll
0x00007fff033e0000 - 0x00007fff03649000 	C:\WINDOWS\WinSxS\amd64_microsoft.windows.common-controls_6595b64144ccf1df_6.0.16299.248_none_15ced204935f55d7\COMCTL32.dll
0x00007fff1d6b0000 - 0x00007fff1d9b8000 	C:\WINDOWS\System32\combase.dll
0x00007fff1ac00000 - 0x00007fff1ac72000 	C:\WINDOWS\System32\bcryptPrimitives.dll
0x00007fff1b670000 - 0x00007fff1b69d000 	C:\WINDOWS\System32\IMM32.DLL
0x0000000060940000 - 0x0000000060a12000 	C:\Program Files\Java\jdk1.8.0_131\jre\bin\msvcr100.dll
0x000000005f0b0000 - 0x000000005f94c000 	C:\Program Files\Java\jdk1.8.0_131\jre\bin\server\jvm.dll
0x00007fff1b5b0000 - 0x00007fff1b5b8000 	C:\WINDOWS\System32\PSAPI.DLL
0x00007fff0f240000 - 0x00007fff0f263000 	C:\WINDOWS\SYSTEM32\WINMM.dll
0x00007fff0f8e0000 - 0x00007fff0f8ea000 	C:\WINDOWS\SYSTEM32\VERSION.dll
0x00007fff0df00000 - 0x00007fff0df09000 	C:\WINDOWS\SYSTEM32\WSOCK32.dll
0x00007fff1d350000 - 0x00007fff1d3bc000 	C:\WINDOWS\System32\WS2_32.dll
0x00007fff0f1f0000 - 0x00007fff0f21a000 	C:\WINDOWS\SYSTEM32\winmmbase.dll
0x00007fff19df0000 - 0x00007fff19e3a000 	C:\WINDOWS\System32\cfgmgr32.dll
0x0000000060930000 - 0x000000006093f000 	C:\Program Files\Java\jdk1.8.0_131\jre\bin\verify.dll
0x0000000060900000 - 0x0000000060929000 	C:\Program Files\Java\jdk1.8.0_131\jre\bin\java.dll
0x00000000608e0000 - 0x00000000608f6000 	C:\Program Files\Java\jdk1.8.0_131\jre\bin\zip.dll
0x00007fff1b990000 - 0x00007fff1cdc6000 	C:\WINDOWS\System32\SHELL32.dll
0x00007fff1b5c0000 - 0x00007fff1b666000 	C:\WINDOWS\System32\shcore.dll
0x00007fff19e60000 - 0x00007fff1a5a7000 	C:\WINDOWS\System32\windows.storage.dll
0x00007fff1ced0000 - 0x00007fff1cf21000 	C:\WINDOWS\System32\shlwapi.dll
0x00007fff19db0000 - 0x00007fff19dc1000 	C:\WINDOWS\System32\kernel.appcore.dll
0x00007fff19d60000 - 0x00007fff19dac000 	C:\WINDOWS\System32\powrprof.dll
0x00007fff19d40000 - 0x00007fff19d5b000 	C:\WINDOWS\System32\profapi.dll
0x00007fff19760000 - 0x00007fff19777000 	C:\WINDOWS\SYSTEM32\CRYPTSP.dll
0x00007fff191b0000 - 0x00007fff191e3000 	C:\WINDOWS\system32\rsaenh.dll
0x00007fff19870000 - 0x00007fff19895000 	C:\WINDOWS\SYSTEM32\bcrypt.dll
0x00007fff19c70000 - 0x00007fff19c99000 	C:\WINDOWS\SYSTEM32\USERENV.dll
0x00007fff19780000 - 0x00007fff1978b000 	C:\WINDOWS\SYSTEM32\CRYPTBASE.dll
0x00000000608c0000 - 0x00000000608da000 	C:\Program Files\Java\jdk1.8.0_131\jre\bin\net.dll
0x00007fff195a0000 - 0x00007fff19606000 	C:\WINDOWS\system32\mswsock.dll
0x00007fff19330000 - 0x00007fff19369000 	C:\WINDOWS\SYSTEM32\IPHLPAPI.DLL
0x00007fff1b920000 - 0x00007fff1b928000 	C:\WINDOWS\System32\NSI.dll
0x00007fff15fb0000 - 0x00007fff15fc6000 	C:\WINDOWS\SYSTEM32\dhcpcsvc6.DLL
0x00007fff15f90000 - 0x00007fff15faa000 	C:\WINDOWS\SYSTEM32\dhcpcsvc.DLL
0x00000000608a0000 - 0x00000000608b1000 	C:\Program Files\Java\jdk1.8.0_131\jre\bin\nio.dll
0x0000000072000000 - 0x0000000072028000 	C:\Users\wanghuawei\.vscode\extensions\redhat.java-0.19.0\server\config_win\org.eclipse.equinox.launcher\org.eclipse.equinox.launcher.win32.win32.x86_64_1.1.700.v20180124-1426\eclipse_1702.dll
0x00007fff15a80000 - 0x00007fff15a91000 	C:\Users\wanghuawei\.vscode\extensions\redhat.java-0.19.0\server\config_win\org.eclipse.osgi\23\0\.cp\jWinHttp-1.0.0.dll
0x00007fff1d3c0000 - 0x00007fff1d509000 	C:\WINDOWS\System32\ole32.dll
0x00007fff172f0000 - 0x00007fff173ce000 	C:\WINDOWS\SYSTEM32\WINHTTP.dll

VM Arguments:
jvm_args: -Declipse.application=org.eclipse.jdt.ls.core.id1 -Dosgi.bundles.defaultStartLevel=4 -Declipse.product=org.eclipse.jdt.ls.core.product -Xverify:none -Xmx1G -XX:+UseG1GC -XX:+UseStringDeduplication 
java_command: C:\Users\wanghuawei\.vscode\extensions\redhat.java-0.19.0\server\plugins\org.eclipse.equinox.launcher_1.5.0.v20180119-0753.jar -configuration C:\Users\wanghuawei\.vscode\extensions\redhat.java-0.19.0\server\config_win -data C:\Users\wanghuawei\AppData\Roaming\Code\User\workspaceStorage\37ef07064328f8f0afb4c7ff96825b5e\redhat.java\jdt_ws
java_class_path (initial): C:\Users\wanghuawei\.vscode\extensions\redhat.java-0.19.0\server\plugins\org.eclipse.equinox.launcher_1.5.0.v20180119-0753.jar
Launcher Type: SUN_STANDARD

Environment Variables:
JAVA_HOME=C:\Program Files\Java\jdk1.8.0_131
CLASSPATH=.,;C:\Program Files\Java\jdk1.8.0_131\lib\dt.jar;C:\Program Files\Java\jdk1.8.0_131\lib\tools.jar;H:\Program Files\apache-tomcat-8.5.23\lib
PATH=C:\Program Files\Python36\Scripts\;C:\Program Files\Python36\;C:\ProgramData\Oracle\Java\javapath;C:\WINDOWS\system32;C:\WINDOWS;C:\WINDOWS\System32\Wbem;C:\WINDOWS\System32\WindowsPowerShell\v1.0\;H:\Program Files\QuickTime\QTSystem\;C:\Program Files (x86)\NVIDIA Corporation\PhysX\Common;C:\Program Files\Microsoft SQL Server\110\Tools\Binn\;H:\android-sdk-windows\tools;C:\WINDOWS\system32;C:\WINDOWS;C:\WINDOWS\System32\Wbem;C:\WINDOWS\System32\WindowsPowerShell\v1.0\;H:\Program Files (x86)\VS2013\VC\bin;H:\Program Files (x86)\VS2013\Common7;C:\Program Files\Java\jdk1.8.0_131\bin;C:\Program Files\Java\jdk1.8.0_131\jre\bin;C:\Program Files\nodejs\;C:\Program Files\MySQL\MySQL Utilities 1.6\;H:\Program Files\apache-tomcat-8.5.23\bin;C:\Program Files\MySQL\MySQL Server 5.7\bin;H:\MinGW\bin;C:\Program Files\dotnet\;F:\Graduate School\whw19950510.github.io\node_modules\.bin;H:\Program Files\apache-maven-3.5.2\bin;H:\m2\repository;C:\Users\wanghuawei\AppData\Local\Programs\Python\Python36-32\;C:\Users\wanghuawei\AppData\Local\Programs\Python\Python36-32\Scripts;C:\Program Files\Redis\;H:\Program Files (x86)\Git\cmd;F:\Graduate School\TA\CS354\Canvas-Uploader\geckodriver-v0.19.1-win64;C:\Python27;C:\Users\wanghuawei\AppData\Local\Microsoft\WindowsApps;C:\Program Files\Microsoft VS Code\bin;C:\Program Files\Heroku\bin;H:\Program Files\apache-maven-3.5.2\bin;C:\Program Files\Java\jdk1.8.0_131\bin;C:\Program Files\Java\jdk1.8.0_131\jre\bin;C:\Program Files\nodejs\;C:\Users\wanghuawei\AppData\Local\Microsoft\WindowsApps;F:\Graduate School\TA\CS354\Canvas-Uploader\geckodriver-v0.19.1-win64;
USERNAME=wanghuawei
OS=Windows_NT
PROCESSOR_IDENTIFIER=Intel64 Family 6 Model 60 Stepping 3, GenuineIntel



---------------  S Y S T E M  ---------------

OS: Windows 10.0 , 64 bit Build 16299 (10.0.16299.15)

CPU:total 8 (initial active 8) (4 cores per cpu, 2 threads per core) family 6 model 60 stepping 3, cmov, cx8, fxsr, mmx, sse, sse2, sse3, ssse3, sse4.1, sse4.2, popcnt, avx, avx2, aes, clmul, erms, lzcnt, ht, tsc, tscinvbit, bmi1, bmi2

Memory: 4k page, physical 12463292k(894356k free), swap 12463292k(17724k free)

vm_info: Java HotSpot(TM) 64-Bit Server VM (25.131-b11) for windows-amd64 JRE (1.8.0_131-b11), built on Mar 15 2017 01:23:53 by "java_re" with MS VC++ 10.0 (VS2010)

time: Thu Feb 22 16:50:46 2018
elapsed time: 2 seconds (0d 0h 0m 2s)

