#
# There is insufficient memory for the Java Runtime Environment to continue.
# Native memory allocation (malloc) failed to allocate 939216 bytes for Chunk::new
# Possible reasons:
#   The system is out of physical RAM or swap space
#   In 32 bit mode, the process size limit was hit
# Possible solutions:
#   Reduce memory load on the system
#   Increase physical memory or swap space
#   Check if swap backing store is full
#   Use 64 bit Java on a 64 bit OS
#   Decrease Java heap size (-Xmx/-Xms)
#   Decrease number of Java threads
#   Decrease Java thread stack sizes (-Xss)
#   Set larger code cache with -XX:ReservedCodeCacheSize=
# This output file may be truncated or incomplete.
#
#  Out of Memory Error (allocation.cpp:390), pid=22412, tid=0x0000000000004c34
#
# JRE version: Java(TM) SE Runtime Environment (8.0_131-b11) (build 1.8.0_131-b11)
# Java VM: Java HotSpot(TM) 64-Bit Server VM (25.131-b11 mixed mode windows-amd64 compressed oops)
# Failed to write core dump. Minidumps are not enabled by default on client versions of Windows
#

---------------  T H R E A D  ---------------

Current thread (0x000000001bc20800):  JavaThread "C2 CompilerThread0" daemon [_thread_in_native, id=19508, stack(0x000000001cc60000,0x000000001cd60000)]

Stack: [0x000000001cc60000,0x000000001cd60000]
[error occurred during error reporting (printing stack bounds), id 0xc0000005]

Native frames: (J=compiled Java code, j=interpreted, Vv=VM code, C=native code)


Current CompileTask:
C2:   1732 1997   !   4       org.eclipse.osgi.internal.loader.classpath.ClasspathManager::findLocalClass (210 bytes)


---------------  P R O C E S S  ---------------

Java Threads: ( => current thread )
  0x000000001ea4c000 JavaThread "Worker-4" [_thread_blocked, id=16972, stack(0x0000000021320000,0x0000000021420000)]
  0x000000001e961000 JavaThread "Worker-3" [_thread_blocked, id=14136, stack(0x0000000021210000,0x0000000021310000)]
  0x000000001e030800 JavaThread "Worker-2" [_thread_blocked, id=17704, stack(0x0000000020140000,0x0000000020240000)]
  0x000000001e789000 JavaThread "pool-1-thread-1" [_thread_in_vm, id=8324, stack(0x0000000020040000,0x0000000020140000)]
  0x000000001e4fa000 JavaThread "pool-2-thread-1" [_thread_blocked, id=2888, stack(0x000000001fd40000,0x000000001fe40000)]
  0x000000001e6b3800 JavaThread "Worker-1: Initialize Workspace" [_thread_blocked, id=25244, stack(0x000000001fa40000,0x000000001fb40000)]
  0x000000001e6ae800 JavaThread "Java indexing" daemon [_thread_blocked, id=24376, stack(0x000000001f940000,0x000000001fa40000)]
  0x000000001ddc4000 JavaThread "Worker-0: Refreshing workspace" [_thread_blocked, id=5048, stack(0x000000001f640000,0x000000001f740000)]
  0x000000001d74f800 JavaThread "Worker-JM" [_thread_blocked, id=10100, stack(0x000000001ee90000,0x000000001ef90000)]
  0x000000001dfa6000 JavaThread "Start Level: Equinox Container: 7b9ec525-f666-44da-b20d-8d566ae48e6a" daemon [_thread_blocked, id=17852, stack(0x000000001ed50000,0x000000001ee50000)]
  0x000000001dcb0800 JavaThread "Framework Event Dispatcher: Equinox Container: 7b9ec525-f666-44da-b20d-8d566ae48e6a" daemon [_thread_blocked, id=21400, stack(0x000000001ec50000,0x000000001ed50000)]
  0x000000001d84d800 JavaThread "Active Thread: Equinox Container: 7b9ec525-f666-44da-b20d-8d566ae48e6a" [_thread_blocked, id=19920, stack(0x000000001eb50000,0x000000001ec50000)]
  0x000000001bcc4000 JavaThread "Service Thread" daemon [_thread_blocked, id=25080, stack(0x000000001d160000,0x000000001d260000)]
  0x000000001bc29000 JavaThread "C1 CompilerThread3" daemon [_thread_blocked, id=20840, stack(0x000000001d060000,0x000000001d160000)]
  0x000000001bc28000 JavaThread "C2 CompilerThread2" daemon [_thread_in_native, id=21592, stack(0x000000001cf60000,0x000000001d060000)]
  0x000000001bc27800 JavaThread "C2 CompilerThread1" daemon [_thread_in_native, id=7844, stack(0x000000001ce60000,0x000000001cf60000)]
=>0x000000001bc20800 JavaThread "C2 CompilerThread0" daemon [_thread_in_native, id=19508, stack(0x000000001cc60000,0x000000001cd60000)]
  0x000000001bc1e800 JavaThread "Attach Listener" daemon [_thread_blocked, id=17440, stack(0x000000001cb60000,0x000000001cc60000)]
  0x000000001bc1e000 JavaThread "Signal Dispatcher" daemon [_thread_blocked, id=6280, stack(0x000000001ca60000,0x000000001cb60000)]
  0x000000001bc0c800 JavaThread "Surrogate Locker Thread (Concurrent GC)" daemon [_thread_blocked, id=25092, stack(0x000000001c960000,0x000000001ca60000)]
  0x000000001bb94000 JavaThread "Finalizer" daemon [_thread_blocked, id=12972, stack(0x000000001c860000,0x000000001c960000)]
  0x000000001bb8e000 JavaThread "Reference Handler" daemon [_thread_blocked, id=22584, stack(0x000000001c760000,0x000000001c860000)]
  0x00000000055a2800 JavaThread "main" [_thread_blocked, id=18316, stack(0x00000000053f0000,0x00000000054f0000)]

Other Threads:
  0x000000001bb88000 VMThread [stack: 0x000000001c660000,0x000000001c760000] [id=5464]
  0x000000001bd3a000 WatcherThread [stack: 0x000000001d260000,0x000000001d360000] [id=26344]

VM state:not at safepoint (normal execution)

VM Mutex/Monitor currently owned by a thread: None

Heap:
 garbage-first heap   total 196608K, used 53567K [0x00000000c0000000, 0x00000000c0100600, 0x0000000100000000)
  region size 1024K, 49 young (50176K), 11 survivors (11264K)
 Metaspace       used 25281K, capacity 27076K, committed 27392K, reserved 1073152K
  class space    used 2737K, capacity 3277K, committed 3328K, reserved 1048576K

Heap Regions: (Y=young(eden), SU=young(survivor), HS=humongous(starts), HC=humongous(continues), CS=collection set, F=free, TS=gc time stamp, PTAMS=previous top-at-mark-start, NTAMS=next top-at-mark-start)
AC   0  O    TS     0 PTAMS 0x00000000c0100000 NTAMS 0x00000000c0100000 space 1024K, 100% used [0x00000000c0000000, 0x00000000c0100000)
AC   0  O    TS     0 PTAMS 0x00000000c0200000 NTAMS 0x00000000c0200000 space 1024K, 100% used [0x00000000c0100000, 0x00000000c0200000)
AC   0  O    TS     0 PTAMS 0x00000000c0300000 NTAMS 0x00000000c0300000 space 1024K, 100% used [0x00000000c0200000, 0x00000000c0300000)
AC   0  F    TS     0 PTAMS 0x00000000c0300000 NTAMS 0x00000000c0300000 space 1024K,   0% used [0x00000000c0300000, 0x00000000c0400000)
AC   0  F    TS     0 PTAMS 0x00000000c0400000 NTAMS 0x00000000c0400000 space 1024K,   0% used [0x00000000c0400000, 0x00000000c0500000)
AC   0  O    TS     0 PTAMS 0x00000000c0600000 NTAMS 0x00000000c0600000 space 1024K, 100% used [0x00000000c0500000, 0x00000000c0600000)
AC   0  O    TS     0 PTAMS 0x00000000c064fc00 NTAMS 0x00000000c064fc00 space 1024K,  31% used [0x00000000c0600000, 0x00000000c0700000)
AC   0  F    TS     0 PTAMS 0x00000000c0700000 NTAMS 0x00000000c0700000 space 1024K,   0% used [0x00000000c0700000, 0x00000000c0800000)
AC   0  F    TS     0 PTAMS 0x00000000c0800000 NTAMS 0x00000000c0800000 space 1024K,   0% used [0x00000000c0800000, 0x00000000c0900000)
AC   0  F    TS     0 PTAMS 0x00000000c0900000 NTAMS 0x00000000c0900000 space 1024K,   0% used [0x00000000c0900000, 0x00000000c0a00000)
AC   0  F    TS     0 PTAMS 0x00000000c0a00000 NTAMS 0x00000000c0a00000 space 1024K,   0% used [0x00000000c0a00000, 0x00000000c0b00000)
AC   0  F    TS     0 PTAMS 0x00000000c0b00000 NTAMS 0x00000000c0b00000 space 1024K,   0% used [0x00000000c0b00000, 0x00000000c0c00000)
AC   0  F    TS     0 PTAMS 0x00000000c0c00000 NTAMS 0x00000000c0c00000 space 1024K,   0% used [0x00000000c0c00000, 0x00000000c0d00000)
AC   0  F    TS     0 PTAMS 0x00000000c0d00000 NTAMS 0x00000000c0d00000 space 1024K,   0% used [0x00000000c0d00000, 0x00000000c0e00000)
AC   0  F    TS     0 PTAMS 0x00000000c0e00000 NTAMS 0x00000000c0e00000 space 1024K,   0% used [0x00000000c0e00000, 0x00000000c0f00000)
AC   0  F    TS     0 PTAMS 0x00000000c0f00000 NTAMS 0x00000000c0f00000 space 1024K,   0% used [0x00000000c0f00000, 0x00000000c1000000)
AC   0  F    TS     0 PTAMS 0x00000000c1000000 NTAMS 0x00000000c1000000 space 1024K,   0% used [0x00000000c1000000, 0x00000000c1100000)
AC   0  F    TS     0 PTAMS 0x00000000c1100000 NTAMS 0x00000000c1100000 space 1024K,   0% used [0x00000000c1100000, 0x00000000c1200000)
AC   0  F    TS     0 PTAMS 0x00000000c1200000 NTAMS 0x00000000c1200000 space 1024K,   0% used [0x00000000c1200000, 0x00000000c1300000)
AC   0  F    TS     0 PTAMS 0x00000000c1300000 NTAMS 0x00000000c1300000 space 1024K,   0% used [0x00000000c1300000, 0x00000000c1400000)
AC   0  F    TS     0 PTAMS 0x00000000c1400000 NTAMS 0x00000000c1400000 space 1024K,   0% used [0x00000000c1400000, 0x00000000c1500000)
AC   0  F    TS     0 PTAMS 0x00000000c1500000 NTAMS 0x00000000c1500000 space 1024K,   0% used [0x00000000c1500000, 0x00000000c1600000)
AC   0  F    TS     0 PTAMS 0x00000000c1600000 NTAMS 0x00000000c1600000 space 1024K,   0% used [0x00000000c1600000, 0x00000000c1700000)
AC   0  F    TS     0 PTAMS 0x00000000c1700000 NTAMS 0x00000000c1700000 space 1024K,   0% used [0x00000000c1700000, 0x00000000c1800000)
AC   0  F    TS     0 PTAMS 0x00000000c1800000 NTAMS 0x00000000c1800000 space 1024K,   0% used [0x00000000c1800000, 0x00000000c1900000)
AC   0  F    TS     0 PTAMS 0x00000000c1900000 NTAMS 0x00000000c1900000 space 1024K,   0% used [0x00000000c1900000, 0x00000000c1a00000)
AC   0  F    TS     0 PTAMS 0x00000000c1a00000 NTAMS 0x00000000c1a00000 space 1024K,   0% used [0x00000000c1a00000, 0x00000000c1b00000)
AC   0  F    TS     0 PTAMS 0x00000000c1b00000 NTAMS 0x00000000c1b00000 space 1024K,   0% used [0x00000000c1b00000, 0x00000000c1c00000)
AC   0  F    TS     0 PTAMS 0x00000000c1c00000 NTAMS 0x00000000c1c00000 space 1024K,   0% used [0x00000000c1c00000, 0x00000000c1d00000)
AC   0  F    TS     0 PTAMS 0x00000000c1d00000 NTAMS 0x00000000c1d00000 space 1024K,   0% used [0x00000000c1d00000, 0x00000000c1e00000)
AC   0  F    TS     0 PTAMS 0x00000000c1e00000 NTAMS 0x00000000c1e00000 space 1024K,   0% used [0x00000000c1e00000, 0x00000000c1f00000)
AC   0  F    TS     0 PTAMS 0x00000000c1f00000 NTAMS 0x00000000c1f00000 space 1024K,   0% used [0x00000000c1f00000, 0x00000000c2000000)
AC   0  F    TS     0 PTAMS 0x00000000c2000000 NTAMS 0x00000000c2000000 space 1024K,   0% used [0x00000000c2000000, 0x00000000c2100000)
AC   0  F    TS     0 PTAMS 0x00000000c2100000 NTAMS 0x00000000c2100000 space 1024K,   0% used [0x00000000c2100000, 0x00000000c2200000)
AC   0  F    TS     0 PTAMS 0x00000000c2200000 NTAMS 0x00000000c2200000 space 1024K,   0% used [0x00000000c2200000, 0x00000000c2300000)
AC   0  F    TS     0 PTAMS 0x00000000c2300000 NTAMS 0x00000000c2300000 space 1024K,   0% used [0x00000000c2300000, 0x00000000c2400000)
AC   0  F    TS     0 PTAMS 0x00000000c2400000 NTAMS 0x00000000c2400000 space 1024K,   0% used [0x00000000c2400000, 0x00000000c2500000)
AC   0  F    TS     0 PTAMS 0x00000000c2500000 NTAMS 0x00000000c2500000 space 1024K,   0% used [0x00000000c2500000, 0x00000000c2600000)
AC   0  F    TS     0 PTAMS 0x00000000c2600000 NTAMS 0x00000000c2600000 space 1024K,   0% used [0x00000000c2600000, 0x00000000c2700000)
AC   0  F    TS     0 PTAMS 0x00000000c2700000 NTAMS 0x00000000c2700000 space 1024K,   0% used [0x00000000c2700000, 0x00000000c2800000)
AC   0  F    TS     0 PTAMS 0x00000000c2800000 NTAMS 0x00000000c2800000 space 1024K,   0% used [0x00000000c2800000, 0x00000000c2900000)
AC   0  F    TS     0 PTAMS 0x00000000c2900000 NTAMS 0x00000000c2900000 space 1024K,   0% used [0x00000000c2900000, 0x00000000c2a00000)
AC   0  F    TS     0 PTAMS 0x00000000c2a00000 NTAMS 0x00000000c2a00000 space 1024K,   0% used [0x00000000c2a00000, 0x00000000c2b00000)
AC   0  F    TS     0 PTAMS 0x00000000c2b00000 NTAMS 0x00000000c2b00000 space 1024K,   0% used [0x00000000c2b00000, 0x00000000c2c00000)
AC   0  F    TS     0 PTAMS 0x00000000c2c00000 NTAMS 0x00000000c2c00000 space 1024K,   0% used [0x00000000c2c00000, 0x00000000c2d00000)
AC   0  F    TS     0 PTAMS 0x00000000c2d00000 NTAMS 0x00000000c2d00000 space 1024K,   0% used [0x00000000c2d00000, 0x00000000c2e00000)
AC   0  F    TS     0 PTAMS 0x00000000c2e00000 NTAMS 0x00000000c2e00000 space 1024K,   0% used [0x00000000c2e00000, 0x00000000c2f00000)
AC   0  F    TS     0 PTAMS 0x00000000c2f00000 NTAMS 0x00000000c2f00000 space 1024K,   0% used [0x00000000c2f00000, 0x00000000c3000000)
AC   0  F    TS     0 PTAMS 0x00000000c3000000 NTAMS 0x00000000c3000000 space 1024K,   0% used [0x00000000c3000000, 0x00000000c3100000)
AC   0  F    TS     0 PTAMS 0x00000000c3100000 NTAMS 0x00000000c3100000 space 1024K,   0% used [0x00000000c3100000, 0x00000000c3200000)
AC   0  F    TS     0 PTAMS 0x00000000c3200000 NTAMS 0x00000000c3200000 space 1024K,   0% used [0x00000000c3200000, 0x00000000c3300000)
AC   0  F    TS     0 PTAMS 0x00000000c3300000 NTAMS 0x00000000c3300000 space 1024K,   0% used [0x00000000c3300000, 0x00000000c3400000)
AC   0  F    TS     0 PTAMS 0x00000000c3400000 NTAMS 0x00000000c3400000 space 1024K,   0% used [0x00000000c3400000, 0x00000000c3500000)
AC   0  F    TS     0 PTAMS 0x00000000c3500000 NTAMS 0x00000000c3500000 space 1024K,   0% used [0x00000000c3500000, 0x00000000c3600000)
AC   0  F    TS     0 PTAMS 0x00000000c3600000 NTAMS 0x00000000c3600000 space 1024K,   0% used [0x00000000c3600000, 0x00000000c3700000)
AC   0  F    TS     0 PTAMS 0x00000000c3700000 NTAMS 0x00000000c3700000 space 1024K,   0% used [0x00000000c3700000, 0x00000000c3800000)
AC   0  F    TS     0 PTAMS 0x00000000c3800000 NTAMS 0x00000000c3800000 space 1024K,   0% used [0x00000000c3800000, 0x00000000c3900000)
AC   0  F    TS     0 PTAMS 0x00000000c3900000 NTAMS 0x00000000c3900000 space 1024K,   0% used [0x00000000c3900000, 0x00000000c3a00000)
AC   0  F    TS     0 PTAMS 0x00000000c3a00000 NTAMS 0x00000000c3a00000 space 1024K,   0% used [0x00000000c3a00000, 0x00000000c3b00000)
AC   0  F    TS     0 PTAMS 0x00000000c3b00000 NTAMS 0x00000000c3b00000 space 1024K,   0% used [0x00000000c3b00000, 0x00000000c3c00000)
AC   0  F    TS     0 PTAMS 0x00000000c3c00000 NTAMS 0x00000000c3c00000 space 1024K,   0% used [0x00000000c3c00000, 0x00000000c3d00000)
AC   0  F    TS     0 PTAMS 0x00000000c3d00000 NTAMS 0x00000000c3d00000 space 1024K,   0% used [0x00000000c3d00000, 0x00000000c3e00000)
AC   0  F    TS     0 PTAMS 0x00000000c3e00000 NTAMS 0x00000000c3e00000 space 1024K,   0% used [0x00000000c3e00000, 0x00000000c3f00000)
AC   0  F    TS     0 PTAMS 0x00000000c3f00000 NTAMS 0x00000000c3f00000 space 1024K,   0% used [0x00000000c3f00000, 0x00000000c4000000)
AC   0  F    TS     0 PTAMS 0x00000000c4000000 NTAMS 0x00000000c4000000 space 1024K,   0% used [0x00000000c4000000, 0x00000000c4100000)
AC   0  F    TS     0 PTAMS 0x00000000c4100000 NTAMS 0x00000000c4100000 space 1024K,   0% used [0x00000000c4100000, 0x00000000c4200000)
AC   0  F    TS     0 PTAMS 0x00000000c4200000 NTAMS 0x00000000c4200000 space 1024K,   0% used [0x00000000c4200000, 0x00000000c4300000)
AC   0  F    TS     0 PTAMS 0x00000000c4300000 NTAMS 0x00000000c4300000 space 1024K,   0% used [0x00000000c4300000, 0x00000000c4400000)
AC   0  F    TS     0 PTAMS 0x00000000c4400000 NTAMS 0x00000000c4400000 space 1024K,   0% used [0x00000000c4400000, 0x00000000c4500000)
AC   0  F    TS     0 PTAMS 0x00000000c4500000 NTAMS 0x00000000c4500000 space 1024K,   0% used [0x00000000c4500000, 0x00000000c4600000)
AC   0  F    TS     0 PTAMS 0x00000000c4600000 NTAMS 0x00000000c4600000 space 1024K,   0% used [0x00000000c4600000, 0x00000000c4700000)
AC   0  F    TS     0 PTAMS 0x00000000c4700000 NTAMS 0x00000000c4700000 space 1024K,   0% used [0x00000000c4700000, 0x00000000c4800000)
AC   0  F    TS     0 PTAMS 0x00000000c4800000 NTAMS 0x00000000c4800000 space 1024K,   0% used [0x00000000c4800000, 0x00000000c4900000)
AC   0  F    TS     0 PTAMS 0x00000000c4900000 NTAMS 0x00000000c4900000 space 1024K,   0% used [0x00000000c4900000, 0x00000000c4a00000)
AC   0  F    TS     0 PTAMS 0x00000000c4a00000 NTAMS 0x00000000c4a00000 space 1024K,   0% used [0x00000000c4a00000, 0x00000000c4b00000)
AC   0  F    TS     0 PTAMS 0x00000000c4b00000 NTAMS 0x00000000c4b00000 space 1024K,   0% used [0x00000000c4b00000, 0x00000000c4c00000)
AC   0  F    TS     0 PTAMS 0x00000000c4c00000 NTAMS 0x00000000c4c00000 space 1024K,   0% used [0x00000000c4c00000, 0x00000000c4d00000)
AC   0  F    TS     0 PTAMS 0x00000000c4d00000 NTAMS 0x00000000c4d00000 space 1024K,   0% used [0x00000000c4d00000, 0x00000000c4e00000)
AC   0  F    TS     0 PTAMS 0x00000000c4e00000 NTAMS 0x00000000c4e00000 space 1024K,   0% used [0x00000000c4e00000, 0x00000000c4f00000)
AC   0  F    TS     0 PTAMS 0x00000000c4f00000 NTAMS 0x00000000c4f00000 space 1024K,   0% used [0x00000000c4f00000, 0x00000000c5000000)
AC   0  F    TS     0 PTAMS 0x00000000c5000000 NTAMS 0x00000000c5000000 space 1024K,   0% used [0x00000000c5000000, 0x00000000c5100000)
AC   0  F    TS     0 PTAMS 0x00000000c5100000 NTAMS 0x00000000c5100000 space 1024K,   0% used [0x00000000c5100000, 0x00000000c5200000)
AC   0  F    TS     0 PTAMS 0x00000000c5200000 NTAMS 0x00000000c5200000 space 1024K,   0% used [0x00000000c5200000, 0x00000000c5300000)
AC   0  F    TS     0 PTAMS 0x00000000c5300000 NTAMS 0x00000000c5300000 space 1024K,   0% used [0x00000000c5300000, 0x00000000c5400000)
AC   0  F    TS     0 PTAMS 0x00000000c5400000 NTAMS 0x00000000c5400000 space 1024K,   0% used [0x00000000c5400000, 0x00000000c5500000)
AC   0  F    TS     0 PTAMS 0x00000000c5500000 NTAMS 0x00000000c5500000 space 1024K,   0% used [0x00000000c5500000, 0x00000000c5600000)
AC   0  F    TS     0 PTAMS 0x00000000c5600000 NTAMS 0x00000000c5600000 space 1024K,   0% used [0x00000000c5600000, 0x00000000c5700000)
AC   0  F    TS     0 PTAMS 0x00000000c5700000 NTAMS 0x00000000c5700000 space 1024K,   0% used [0x00000000c5700000, 0x00000000c5800000)
AC   0  F    TS     0 PTAMS 0x00000000c5800000 NTAMS 0x00000000c5800000 space 1024K,   0% used [0x00000000c5800000, 0x00000000c5900000)
AC   0  F    TS     0 PTAMS 0x00000000c5900000 NTAMS 0x00000000c5900000 space 1024K,   0% used [0x00000000c5900000, 0x00000000c5a00000)
AC   0  F    TS     0 PTAMS 0x00000000c5a00000 NTAMS 0x00000000c5a00000 space 1024K,   0% used [0x00000000c5a00000, 0x00000000c5b00000)
AC   0  F    TS     0 PTAMS 0x00000000c5b00000 NTAMS 0x00000000c5b00000 space 1024K,   0% used [0x00000000c5b00000, 0x00000000c5c00000)
AC   0  F    TS     0 PTAMS 0x00000000c5c00000 NTAMS 0x00000000c5c00000 space 1024K,   0% used [0x00000000c5c00000, 0x00000000c5d00000)
AC   0  F    TS     0 PTAMS 0x00000000c5d00000 NTAMS 0x00000000c5d00000 space 1024K,   0% used [0x00000000c5d00000, 0x00000000c5e00000)
AC   0  F    TS     0 PTAMS 0x00000000c5e00000 NTAMS 0x00000000c5e00000 space 1024K,   0% used [0x00000000c5e00000, 0x00000000c5f00000)
AC   0  F    TS     0 PTAMS 0x00000000c5f00000 NTAMS 0x00000000c5f00000 space 1024K,   0% used [0x00000000c5f00000, 0x00000000c6000000)
AC   0  F    TS     0 PTAMS 0x00000000c6000000 NTAMS 0x00000000c6000000 space 1024K,   0% used [0x00000000c6000000, 0x00000000c6100000)
AC   0  F    TS     0 PTAMS 0x00000000c6100000 NTAMS 0x00000000c6100000 space 1024K,   0% used [0x00000000c6100000, 0x00000000c6200000)
AC   0  F    TS     0 PTAMS 0x00000000c6200000 NTAMS 0x00000000c6200000 space 1024K,   0% used [0x00000000c6200000, 0x00000000c6300000)
AC   0  F    TS     0 PTAMS 0x00000000c6300000 NTAMS 0x00000000c6300000 space 1024K,   0% used [0x00000000c6300000, 0x00000000c6400000)
AC   0  F    TS     0 PTAMS 0x00000000c6400000 NTAMS 0x00000000c6400000 space 1024K,   0% used [0x00000000c6400000, 0x00000000c6500000)
AC   0  F    TS     0 PTAMS 0x00000000c6500000 NTAMS 0x00000000c6500000 space 1024K,   0% used [0x00000000c6500000, 0x00000000c6600000)
AC   0  F    TS     0 PTAMS 0x00000000c6600000 NTAMS 0x00000000c6600000 space 1024K,   0% used [0x00000000c6600000, 0x00000000c6700000)
AC   0  F    TS     0 PTAMS 0x00000000c6700000 NTAMS 0x00000000c6700000 space 1024K,   0% used [0x00000000c6700000, 0x00000000c6800000)
AC   0  F    TS     0 PTAMS 0x00000000c6800000 NTAMS 0x00000000c6800000 space 1024K,   0% used [0x00000000c6800000, 0x00000000c6900000)
AC   0  F    TS     0 PTAMS 0x00000000c6900000 NTAMS 0x00000000c6900000 space 1024K,   0% used [0x00000000c6900000, 0x00000000c6a00000)
AC   0  F    TS     0 PTAMS 0x00000000c6a00000 NTAMS 0x00000000c6a00000 space 1024K,   0% used [0x00000000c6a00000, 0x00000000c6b00000)
AC   0  F    TS     0 PTAMS 0x00000000c6b00000 NTAMS 0x00000000c6b00000 space 1024K,   0% used [0x00000000c6b00000, 0x00000000c6c00000)
AC   0  F    TS     0 PTAMS 0x00000000c6c00000 NTAMS 0x00000000c6c00000 space 1024K,   0% used [0x00000000c6c00000, 0x00000000c6d00000)
AC   0  F    TS     0 PTAMS 0x00000000c6d00000 NTAMS 0x00000000c6d00000 space 1024K,   0% used [0x00000000c6d00000, 0x00000000c6e00000)
AC   0  F    TS     0 PTAMS 0x00000000c6e00000 NTAMS 0x00000000c6e00000 space 1024K,   0% used [0x00000000c6e00000, 0x00000000c6f00000)
AC   0  F    TS     0 PTAMS 0x00000000c6f00000 NTAMS 0x00000000c6f00000 space 1024K,   0% used [0x00000000c6f00000, 0x00000000c7000000)
AC   0  F    TS     0 PTAMS 0x00000000c7000000 NTAMS 0x00000000c7000000 space 1024K,   0% used [0x00000000c7000000, 0x00000000c7100000)
AC   0  F    TS     0 PTAMS 0x00000000c7100000 NTAMS 0x00000000c7100000 space 1024K,   0% used [0x00000000c7100000, 0x00000000c7200000)
AC   0  F    TS     0 PTAMS 0x00000000c7200000 NTAMS 0x00000000c7200000 space 1024K,   0% used [0x00000000c7200000, 0x00000000c7300000)
AC   0  F    TS     0 PTAMS 0x00000000c7300000 NTAMS 0x00000000c7300000 space 1024K,   0% used [0x00000000c7300000, 0x00000000c7400000)
AC   0  F    TS     0 PTAMS 0x00000000c7400000 NTAMS 0x00000000c7400000 space 1024K,   0% used [0x00000000c7400000, 0x00000000c7500000)
AC   0  F    TS     0 PTAMS 0x00000000c7500000 NTAMS 0x00000000c7500000 space 1024K,   0% used [0x00000000c7500000, 0x00000000c7600000)
AC   0  F    TS     0 PTAMS 0x00000000c7600000 NTAMS 0x00000000c7600000 space 1024K,   0% used [0x00000000c7600000, 0x00000000c7700000)
AC   0  F    TS     0 PTAMS 0x00000000c7700000 NTAMS 0x00000000c7700000 space 1024K,   0% used [0x00000000c7700000, 0x00000000c7800000)
AC   0  F    TS     0 PTAMS 0x00000000c7800000 NTAMS 0x00000000c7800000 space 1024K,   0% used [0x00000000c7800000, 0x00000000c7900000)
AC   0  F    TS     0 PTAMS 0x00000000c7900000 NTAMS 0x00000000c7900000 space 1024K,   0% used [0x00000000c7900000, 0x00000000c7a00000)
AC   0  F    TS     0 PTAMS 0x00000000c7a00000 NTAMS 0x00000000c7a00000 space 1024K,   0% used [0x00000000c7a00000, 0x00000000c7b00000)
AC   0  F    TS     0 PTAMS 0x00000000c7b00000 NTAMS 0x00000000c7b00000 space 1024K,   0% used [0x00000000c7b00000, 0x00000000c7c00000)
AC   0  F    TS     0 PTAMS 0x00000000c7c00000 NTAMS 0x00000000c7c00000 space 1024K,   0% used [0x00000000c7c00000, 0x00000000c7d00000)
AC   0  F    TS     0 PTAMS 0x00000000c7d00000 NTAMS 0x00000000c7d00000 space 1024K,   0% used [0x00000000c7d00000, 0x00000000c7e00000)
AC   0  F    TS     0 PTAMS 0x00000000c7e00000 NTAMS 0x00000000c7e00000 space 1024K,   0% used [0x00000000c7e00000, 0x00000000c7f00000)
AC   0  F    TS     0 PTAMS 0x00000000c7f00000 NTAMS 0x00000000c7f00000 space 1024K,   0% used [0x00000000c7f00000, 0x00000000c8000000)
AC   0  F    TS     0 PTAMS 0x00000000c8000000 NTAMS 0x00000000c8000000 space 1024K,   0% used [0x00000000c8000000, 0x00000000c8100000)
AC   0  F    TS     0 PTAMS 0x00000000c8100000 NTAMS 0x00000000c8100000 space 1024K,   0% used [0x00000000c8100000, 0x00000000c8200000)
AC   0  F    TS     0 PTAMS 0x00000000c8200000 NTAMS 0x00000000c8200000 space 1024K,   0% used [0x00000000c8200000, 0x00000000c8300000)
AC   0  F    TS     0 PTAMS 0x00000000c8300000 NTAMS 0x00000000c8300000 space 1024K,   0% used [0x00000000c8300000, 0x00000000c8400000)
AC   0  F    TS     0 PTAMS 0x00000000c8400000 NTAMS 0x00000000c8400000 space 1024K,   0% used [0x00000000c8400000, 0x00000000c8500000)
AC   0  F    TS     0 PTAMS 0x00000000c8500000 NTAMS 0x00000000c8500000 space 1024K,   0% used [0x00000000c8500000, 0x00000000c8600000)
AC   0  F    TS     0 PTAMS 0x00000000c8600000 NTAMS 0x00000000c8600000 space 1024K,   0% used [0x00000000c8600000, 0x00000000c8700000)
AC   0  F    TS     0 PTAMS 0x00000000c8700000 NTAMS 0x00000000c8700000 space 1024K,   0% used [0x00000000c8700000, 0x00000000c8800000)
AC   0  F    TS     0 PTAMS 0x00000000c8800000 NTAMS 0x00000000c8800000 space 1024K,   0% used [0x00000000c8800000, 0x00000000c8900000)
AC   0  F    TS     0 PTAMS 0x00000000c8900000 NTAMS 0x00000000c8900000 space 1024K,   0% used [0x00000000c8900000, 0x00000000c8a00000)
AC   0  F    TS     0 PTAMS 0x00000000c8a00000 NTAMS 0x00000000c8a00000 space 1024K,   0% used [0x00000000c8a00000, 0x00000000c8b00000)
AC   0  F    TS     0 PTAMS 0x00000000c8b00000 NTAMS 0x00000000c8b00000 space 1024K,   0% used [0x00000000c8b00000, 0x00000000c8c00000)
AC   0  F    TS     0 PTAMS 0x00000000c8c00000 NTAMS 0x00000000c8c00000 space 1024K,   0% used [0x00000000c8c00000, 0x00000000c8d00000)
AC   0  F    TS     0 PTAMS 0x00000000c8d00000 NTAMS 0x00000000c8d00000 space 1024K,   0% used [0x00000000c8d00000, 0x00000000c8e00000)
AC   0  E    TS     0 PTAMS 0x00000000c8e00000 NTAMS 0x00000000c8e00000 space 1024K,  50% used [0x00000000c8e00000, 0x00000000c8f00000)
AC   0  E CS TS     0 PTAMS 0x00000000c8f00000 NTAMS 0x00000000c8f00000 space 1024K, 100% used [0x00000000c8f00000, 0x00000000c9000000)
AC   0  E CS TS     0 PTAMS 0x00000000c9000000 NTAMS 0x00000000c9000000 space 1024K, 100% used [0x00000000c9000000, 0x00000000c9100000)
AC   0  S CS TS     0 PTAMS 0x00000000c9100000 NTAMS 0x00000000c9100000 space 1024K, 100% used [0x00000000c9100000, 0x00000000c9200000)
AC   0  S CS TS     0 PTAMS 0x00000000c9200000 NTAMS 0x00000000c9200000 space 1024K, 100% used [0x00000000c9200000, 0x00000000c9300000)
AC   0  S CS TS     0 PTAMS 0x00000000c9300000 NTAMS 0x00000000c9300000 space 1024K, 100% used [0x00000000c9300000, 0x00000000c9400000)
AC   0  S CS TS     0 PTAMS 0x00000000c9400000 NTAMS 0x00000000c9400000 space 1024K, 100% used [0x00000000c9400000, 0x00000000c9500000)
AC   0  S CS TS     0 PTAMS 0x00000000c9500000 NTAMS 0x00000000c9500000 space 1024K, 100% used [0x00000000c9500000, 0x00000000c9600000)
AC   0  S CS TS     0 PTAMS 0x00000000c9600000 NTAMS 0x00000000c9600000 space 1024K, 100% used [0x00000000c9600000, 0x00000000c9700000)
AC   0  S CS TS     0 PTAMS 0x00000000c9700000 NTAMS 0x00000000c9700000 space 1024K, 100% used [0x00000000c9700000, 0x00000000c9800000)
AC   0  S CS TS     0 PTAMS 0x00000000c9800000 NTAMS 0x00000000c9800000 space 1024K, 100% used [0x00000000c9800000, 0x00000000c9900000)
AC   0  S CS TS     0 PTAMS 0x00000000c9900000 NTAMS 0x00000000c9900000 space 1024K, 100% used [0x00000000c9900000, 0x00000000c9a00000)
AC   0  S CS TS     0 PTAMS 0x00000000c9a00000 NTAMS 0x00000000c9a00000 space 1024K, 100% used [0x00000000c9a00000, 0x00000000c9b00000)
AC   0  S CS TS     0 PTAMS 0x00000000c9b00000 NTAMS 0x00000000c9b00000 space 1024K, 100% used [0x00000000c9b00000, 0x00000000c9c00000)
AC   0  E CS TS     0 PTAMS 0x00000000c9c00000 NTAMS 0x00000000c9c00000 space 1024K, 100% used [0x00000000c9c00000, 0x00000000c9d00000)
AC   0  E CS TS     0 PTAMS 0x00000000c9d00000 NTAMS 0x00000000c9d00000 space 1024K, 100% used [0x00000000c9d00000, 0x00000000c9e00000)
AC   0  E CS TS     0 PTAMS 0x00000000c9e00000 NTAMS 0x00000000c9e00000 space 1024K, 100% used [0x00000000c9e00000, 0x00000000c9f00000)
AC   0  E CS TS     0 PTAMS 0x00000000c9f00000 NTAMS 0x00000000c9f00000 space 1024K, 100% used [0x00000000c9f00000, 0x00000000ca000000)
AC   0  E CS TS     0 PTAMS 0x00000000ca000000 NTAMS 0x00000000ca000000 space 1024K, 100% used [0x00000000ca000000, 0x00000000ca100000)
AC   0  E CS TS     0 PTAMS 0x00000000ca100000 NTAMS 0x00000000ca100000 space 1024K, 100% used [0x00000000ca100000, 0x00000000ca200000)
AC   0  E CS TS     0 PTAMS 0x00000000ca200000 NTAMS 0x00000000ca200000 space 1024K, 100% used [0x00000000ca200000, 0x00000000ca300000)
AC   0  E CS TS     0 PTAMS 0x00000000ca300000 NTAMS 0x00000000ca300000 space 1024K, 100% used [0x00000000ca300000, 0x00000000ca400000)
AC   0  E CS TS     0 PTAMS 0x00000000ca400000 NTAMS 0x00000000ca400000 space 1024K, 100% used [0x00000000ca400000, 0x00000000ca500000)
AC   0  E CS TS     0 PTAMS 0x00000000ca500000 NTAMS 0x00000000ca500000 space 1024K, 100% used [0x00000000ca500000, 0x00000000ca600000)
AC   0  E CS TS     0 PTAMS 0x00000000ca600000 NTAMS 0x00000000ca600000 space 1024K, 100% used [0x00000000ca600000, 0x00000000ca700000)
AC   0  E CS TS     0 PTAMS 0x00000000ca700000 NTAMS 0x00000000ca700000 space 1024K, 100% used [0x00000000ca700000, 0x00000000ca800000)
AC   0  E CS TS     0 PTAMS 0x00000000ca800000 NTAMS 0x00000000ca800000 space 1024K, 100% used [0x00000000ca800000, 0x00000000ca900000)
AC   0  E CS TS     0 PTAMS 0x00000000ca900000 NTAMS 0x00000000ca900000 space 1024K, 100% used [0x00000000ca900000, 0x00000000caa00000)
AC   0  E CS TS     0 PTAMS 0x00000000caa00000 NTAMS 0x00000000caa00000 space 1024K, 100% used [0x00000000caa00000, 0x00000000cab00000)
AC   0  E CS TS     0 PTAMS 0x00000000cab00000 NTAMS 0x00000000cab00000 space 1024K, 100% used [0x00000000cab00000, 0x00000000cac00000)
AC   0  E CS TS     0 PTAMS 0x00000000cac00000 NTAMS 0x00000000cac00000 space 1024K, 100% used [0x00000000cac00000, 0x00000000cad00000)
AC   0  E CS TS     0 PTAMS 0x00000000cad00000 NTAMS 0x00000000cad00000 space 1024K, 100% used [0x00000000cad00000, 0x00000000cae00000)
AC   0  E CS TS     0 PTAMS 0x00000000cae00000 NTAMS 0x00000000cae00000 space 1024K, 100% used [0x00000000cae00000, 0x00000000caf00000)
AC   0  E CS TS     0 PTAMS 0x00000000caf00000 NTAMS 0x00000000caf00000 space 1024K, 100% used [0x00000000caf00000, 0x00000000cb000000)
AC   0  E CS TS     0 PTAMS 0x00000000cb000000 NTAMS 0x00000000cb000000 space 1024K, 100% used [0x00000000cb000000, 0x00000000cb100000)
AC   0  E CS TS     0 PTAMS 0x00000000cb100000 NTAMS 0x00000000cb100000 space 1024K, 100% used [0x00000000cb100000, 0x00000000cb200000)
AC   0  E CS TS     0 PTAMS 0x00000000cb200000 NTAMS 0x00000000cb200000 space 1024K, 100% used [0x00000000cb200000, 0x00000000cb300000)
AC   0  E CS TS     0 PTAMS 0x00000000cb300000 NTAMS 0x00000000cb300000 space 1024K, 100% used [0x00000000cb300000, 0x00000000cb400000)
AC   0  E CS TS     0 PTAMS 0x00000000cb400000 NTAMS 0x00000000cb400000 space 1024K, 100% used [0x00000000cb400000, 0x00000000cb500000)
AC   0  E CS TS     0 PTAMS 0x00000000cb500000 NTAMS 0x00000000cb500000 space 1024K, 100% used [0x00000000cb500000, 0x00000000cb600000)
AC   0  E CS TS     0 PTAMS 0x00000000cb600000 NTAMS 0x00000000cb600000 space 1024K, 100% used [0x00000000cb600000, 0x00000000cb700000)
AC   0  E CS TS     0 PTAMS 0x00000000cb700000 NTAMS 0x00000000cb700000 space 1024K, 100% used [0x00000000cb700000, 0x00000000cb800000)
AC   0  E CS TS     0 PTAMS 0x00000000cb800000 NTAMS 0x00000000cb800000 space 1024K, 100% used [0x00000000cb800000, 0x00000000cb900000)
AC   0  E CS TS     0 PTAMS 0x00000000cb900000 NTAMS 0x00000000cb900000 space 1024K, 100% used [0x00000000cb900000, 0x00000000cba00000)
AC   0  E CS TS     0 PTAMS 0x00000000cba00000 NTAMS 0x00000000cba00000 space 1024K, 100% used [0x00000000cba00000, 0x00000000cbb00000)
AC   0  E CS TS     0 PTAMS 0x00000000cbb00000 NTAMS 0x00000000cbb00000 space 1024K, 100% used [0x00000000cbb00000, 0x00000000cbc00000)
AC   0  E CS TS     0 PTAMS 0x00000000cbc00000 NTAMS 0x00000000cbc00000 space 1024K, 100% used [0x00000000cbc00000, 0x00000000cbd00000)
AC   0  E CS TS     0 PTAMS 0x00000000cbd00000 NTAMS 0x00000000cbd00000 space 1024K, 100% used [0x00000000cbd00000, 0x00000000cbe00000)
AC   0  E CS TS     0 PTAMS 0x00000000cbe00000 NTAMS 0x00000000cbe00000 space 1024K, 100% used [0x00000000cbe00000, 0x00000000cbf00000)
AC   0  E CS TS     0 PTAMS 0x00000000cbf00000 NTAMS 0x00000000cbf00000 space 1024K, 100% used [0x00000000cbf00000, 0x00000000cc000000)

Card table byte_map: [0x00000000167e0000,0x00000000169e0000] byte_map_base: 0x00000000161e0000

Marking Bits (Prev, Next): (CMBitMap*) 0x00000000055f71d0, (CMBitMap*) 0x00000000055f7178
 Prev Bits: [0x0000000017be0000, 0x0000000018be0000)
 Next Bits: [0x0000000016be0000, 0x0000000017be0000)

Polling page: 0x0000000004ef0000

CodeCache: size=245760Kb used=7574Kb max_used=7580Kb free=238185Kb
 bounds [0x00000000056a0000, 0x0000000005e10000, 0x00000000146a0000]
 total_blobs=2592 nmethods=2118 adapters=386
 compilation: enabled

Compilation events (10 events):
Event: 1.704 Thread 0x000000001bc29000 2094       3       java.nio.ByteBuffer::<init> (45 bytes)
Event: 1.704 Thread 0x000000001bc29000 nmethod 2094 0x0000000005dd6150 code [0x0000000005dd62c0, 0x0000000005dd6548]
Event: 1.704 Thread 0x000000001bc29000 2095       3       sun.reflect.generics.scope.ClassScope::make (9 bytes)
Event: 1.705 Thread 0x000000001bc29000 nmethod 2095 0x0000000005dd5b10 code [0x0000000005dd5c80, 0x0000000005dd5f70]
Event: 1.705 Thread 0x000000001bc29000 2096       3       sun.reflect.generics.scope.ClassScope::<init> (6 bytes)
Event: 1.705 Thread 0x000000001bc29000 nmethod 2096 0x0000000005ddcb10 code [0x0000000005ddcc80, 0x0000000005ddced0]
Event: 1.708 Thread 0x000000001bc29000 2097       3       sun.reflect.annotation.AnnotationParser::parseSig (61 bytes)
Event: 1.710 Thread 0x000000001bc29000 nmethod 2097 0x0000000005ddcfd0 code [0x0000000005ddd280, 0x0000000005dde688]
Event: 1.710 Thread 0x000000001bc29000 2098       3       sun.reflect.annotation.AnnotationParser::toClass (32 bytes)
Event: 1.710 Thread 0x000000001bc29000 nmethod 2098 0x0000000005ddf050 code [0x0000000005ddf260, 0x0000000005ddfe88]

GC Heap History (6 events):
Event: 0.395 GC heap before
{Heap before GC invocations=0 (full 0):
 garbage-first heap   total 196608K, used 9216K [0x00000000c0000000, 0x00000000c0100600, 0x0000000100000000)
  region size 1024K, 9 young (9216K), 0 survivors (0K)
 Metaspace       used 5317K, capacity 5492K, committed 5760K, reserved 1056768K
  class space    used 566K, capacity 599K, committed 640K, reserved 1048576K
Event: 0.398 GC heap after
Heap after GC invocations=1 (full 0):
 garbage-first heap   total 196608K, used 2823K [0x00000000c0000000, 0x00000000c0100600, 0x0000000100000000)
  region size 1024K, 2 young (2048K), 2 survivors (2048K)
 Metaspace       used 5317K, capacity 5492K, committed 5760K, reserved 1056768K
  class space    used 566K, capacity 599K, committed 640K, reserved 1048576K
}
Event: 0.814 GC heap before
{Heap before GC invocations=1 (full 0):
 garbage-first heap   total 196608K, used 21255K [0x00000000c0000000, 0x00000000c0100600, 0x0000000100000000)
  region size 1024K, 20 young (20480K), 2 survivors (2048K)
 Metaspace       used 9698K, capacity 10144K, committed 10368K, reserved 1058816K
  class space    used 1015K, capacity 1150K, committed 1152K, reserved 1048576K
Event: 0.820 GC heap after
Heap after GC invocations=2 (full 0):
 garbage-first heap   total 196608K, used 8336K [0x00000000c0000000, 0x00000000c0100600, 0x0000000100000000)
  region size 1024K, 3 young (3072K), 3 survivors (3072K)
 Metaspace       used 9698K, capacity 10144K, committed 10368K, reserved 1058816K
  class space    used 1015K, capacity 1150K, committed 1152K, reserved 1048576K
}
Event: 1.316 GC heap before
{Heap before GC invocations=2 (full 0):
 garbage-first heap   total 196608K, used 41104K [0x00000000c0000000, 0x00000000c0100600, 0x0000000100000000)
  region size 1024K, 36 young (36864K), 3 survivors (3072K)
 Metaspace       used 20180K, capacity 21218K, committed 21296K, reserved 1069056K
  class space    used 2080K, capacity 2390K, committed 2432K, reserved 1048576K
Event: 1.326 GC heap after
Heap after GC invocations=3 (full 0):
 garbage-first heap   total 196608K, used 17727K [0x00000000c0000000, 0x00000000c0100600, 0x0000000100000000)
  region size 1024K, 11 young (11264K), 11 survivors (11264K)
 Metaspace       used 20180K, capacity 21218K, committed 21296K, reserved 1069056K
  class space    used 2080K, capacity 2390K, committed 2432K, reserved 1048576K
}

Deoptimization events (10 events):
Event: 1.409 Thread 0x000000001e789000 Uncommon trap: reason=unstable_if action=reinterpret pc=0x0000000005b444b4 method=java.util.jar.Manifest$FastInputStream.peek()B @ 23
Event: 1.548 Thread 0x000000001e789000 Uncommon trap: reason=unstable_if action=reinterpret pc=0x0000000005d2ae24 method=org.codehaus.plexus.util.xml.pull.MXParser.more()C @ 8
Event: 1.554 Thread 0x000000001e789000 Uncommon trap: reason=unstable_if action=reinterpret pc=0x0000000005bf2f9c method=java.util.ArrayList.indexOf(Ljava/lang/Object;)I @ 1
Event: 1.558 Thread 0x000000001e789000 Uncommon trap: reason=unstable_if action=reinterpret pc=0x0000000005bce1f4 method=java.util.ArrayList.indexOf(Ljava/lang/Object;)I @ 1
Event: 1.588 Thread 0x000000001e789000 Uncommon trap: reason=unstable_if action=reinterpret pc=0x0000000005d5c968 method=sun.nio.cs.StreamDecoder.implRead([CII)I @ 197
Event: 1.615 Thread 0x000000001e789000 Uncommon trap: reason=unstable_if action=reinterpret pc=0x0000000005d6d148 method=sun.nio.cs.StreamDecoder.implRead([CII)I @ 197
Event: 1.618 Thread 0x000000001e789000 Uncommon trap: reason=class_check action=maybe_recompile pc=0x0000000005b0d230 method=java.io.FilterInputStream.read()I @ 4
Event: 1.621 Thread 0x000000001e789000 Uncommon trap: reason=class_check action=maybe_recompile pc=0x0000000005b0d230 method=java.io.FilterInputStream.read()I @ 4
Event: 1.622 Thread 0x000000001e789000 Uncommon trap: reason=class_check action=maybe_recompile pc=0x0000000005b0d230 method=java.io.FilterInputStream.read()I @ 4
Event: 1.622 Thread 0x000000001e789000 Uncommon trap: reason=class_check action=maybe_recompile pc=0x0000000005b0d230 method=java.io.FilterInputStream.read()I @ 4

Internal exceptions (10 events):
Event: 1.242 Thread 0x00000000055a2800 Exception <a 'java/lang/ArrayIndexOutOfBoundsException': 221> (0x00000000ca2442d0) thrown at [C:\re\workspace\8-2-build-windows-amd64-cygwin\jdk8u131\8869\hotspot\src\share\vm\interpreter\interpreterRuntime.cpp, line 366]
Event: 1.364 Thread 0x000000001e789000 Exception <a 'java/lang/NoClassDefFoundError': org/slf4j/impl/StaticLoggerBinder> (0x00000000cbdb1008) thrown at [C:\re\workspace\8-2-build-windows-amd64-cygwin\jdk8u131\8869\hotspot\src\share\vm\classfile\systemDictionary.cpp, line 199]
Event: 1.365 Thread 0x000000001e6b3800 Exception <a 'sun/nio/fs/WindowsException'> (0x00000000cbc12a78) thrown at [C:\re\workspace\8-2-build-windows-amd64-cygwin\jdk8u131\8869\hotspot\src\share\vm\prims\jni.cpp, line 709]
Event: 1.369 Thread 0x000000001e6b3800 Exception <a 'sun/nio/fs/WindowsException'> (0x00000000cbc2fae8) thrown at [C:\re\workspace\8-2-build-windows-amd64-cygwin\jdk8u131\8869\hotspot\src\share\vm\prims\jni.cpp, line 709]
Event: 1.370 Thread 0x000000001e789000 Exception <a 'java/io/FileNotFoundException'> (0x00000000cbdeb818) thrown at [C:\re\workspace\8-2-build-windows-amd64-cygwin\jdk8u131\8869\hotspot\src\share\vm\prims\jni.cpp, line 709]
Event: 1.377 Thread 0x000000001e6b3800 Exception <a 'java/io/FileNotFoundException'> (0x00000000cbc57f10) thrown at [C:\re\workspace\8-2-build-windows-amd64-cygwin\jdk8u131\8869\hotspot\src\share\vm\prims\jni.cpp, line 709]
Event: 1.385 Thread 0x000000001e6b3800 Exception <a 'java/io/FileNotFoundException'> (0x00000000cbb0cfd0) thrown at [C:\re\workspace\8-2-build-windows-amd64-cygwin\jdk8u131\8869\hotspot\src\share\vm\prims\jni.cpp, line 709]
Event: 1.390 Thread 0x000000001e6b3800 Exception <a 'java/io/FileNotFoundException'> (0x00000000cbb3f0b8) thrown at [C:\re\workspace\8-2-build-windows-amd64-cygwin\jdk8u131\8869\hotspot\src\share\vm\prims\jni.cpp, line 709]
Event: 1.423 Thread 0x000000001e6b3800 Exception <a 'sun/nio/fs/WindowsException'> (0x00000000cb9ecb08) thrown at [C:\re\workspace\8-2-build-windows-amd64-cygwin\jdk8u131\8869\hotspot\src\share\vm\prims\jni.cpp, line 709]
Event: 1.433 Thread 0x000000001e6b3800 Exception <a 'sun/nio/fs/WindowsException'> (0x00000000cb7ed320) thrown at [C:\re\workspace\8-2-build-windows-amd64-cygwin\jdk8u131\8869\hotspot\src\share\vm\prims\jni.cpp, line 709]

Events (10 events):
Event: 1.622 Thread 0x000000001e789000 Uncommon trap: trap_request=0xffffffde fr.pc=0x0000000005b0d230
Event: 1.622 Thread 0x000000001e789000 DEOPT PACKING pc=0x0000000005b0d230 sp=0x000000002013aca0
Event: 1.622 Thread 0x000000001e789000 DEOPT UNPACKING pc=0x00000000056e582a sp=0x000000002013ac68 mode 2
Event: 1.622 Thread 0x000000001e789000 Uncommon trap: trap_request=0xffffffde fr.pc=0x0000000005b0d230
Event: 1.622 Thread 0x000000001e789000 DEOPT PACKING pc=0x0000000005b0d230 sp=0x000000002013aca0
Event: 1.622 Thread 0x000000001e789000 DEOPT UNPACKING pc=0x00000000056e582a sp=0x000000002013ac68 mode 2
Event: 1.709 loading class org/apache/maven/artifact/handler/DefaultArtifactHandler$__sisu17
Event: 1.709 loading class org/apache/maven/artifact/handler/DefaultArtifactHandler$__sisu17 done
Event: 1.711 Executing VM operation: Deoptimize
Event: 1.711 Executing VM operation: Deoptimize done


Dynamic libraries:
0x00007ff6ff990000 - 0x00007ff6ff9c7000 	C:\Program Files\Java\jdk1.8.0_131\bin\java.exe
0x00007fff1d9f0000 - 0x00007fff1dbd0000 	C:\WINDOWS\SYSTEM32\ntdll.dll
0x00007fff1d110000 - 0x00007fff1d1be000 	C:\WINDOWS\System32\KERNEL32.DLL
0x00007fff1a710000 - 0x00007fff1a976000 	C:\WINDOWS\System32\KERNELBASE.dll
0x00007fff1cf30000 - 0x00007fff1cfd1000 	C:\WINDOWS\System32\ADVAPI32.dll
0x00007fff1ce30000 - 0x00007fff1cecd000 	C:\WINDOWS\System32\msvcrt.dll
0x00007fff1d0b0000 - 0x00007fff1d10b000 	C:\WINDOWS\System32\sechost.dll
0x00007fff1b030000 - 0x00007fff1b14f000 	C:\WINDOWS\System32\RPCRT4.dll
0x00007fff1d1c0000 - 0x00007fff1d34f000 	C:\WINDOWS\System32\USER32.dll
0x00007fff19e40000 - 0x00007fff19e60000 	C:\WINDOWS\System32\win32u.dll
0x00007fff1b850000 - 0x00007fff1b878000 	C:\WINDOWS\System32\GDI32.dll
0x00007fff1ad20000 - 0x00007fff1aeb3000 	C:\WINDOWS\System32\gdi32full.dll
0x00007fff1ac80000 - 0x00007fff1ad1b000 	C:\WINDOWS\System32\msvcp_win.dll
0x00007fff1a5b0000 - 0x00007fff1a6a6000 	C:\WINDOWS\System32\ucrtbase.dll
0x00007fff033e0000 - 0x00007fff03649000 	C:\WINDOWS\WinSxS\amd64_microsoft.windows.common-controls_6595b64144ccf1df_6.0.16299.248_none_15ced204935f55d7\COMCTL32.dll
0x00007fff1d6b0000 - 0x00007fff1d9b8000 	C:\WINDOWS\System32\combase.dll
0x00007fff1ac00000 - 0x00007fff1ac72000 	C:\WINDOWS\System32\bcryptPrimitives.dll
0x00007fff1b670000 - 0x00007fff1b69d000 	C:\WINDOWS\System32\IMM32.DLL
0x0000000060940000 - 0x0000000060a12000 	C:\Program Files\Java\jdk1.8.0_131\jre\bin\msvcr100.dll
0x000000005f0b0000 - 0x000000005f94c000 	C:\Program Files\Java\jdk1.8.0_131\jre\bin\server\jvm.dll
0x00007fff1b5b0000 - 0x00007fff1b5b8000 	C:\WINDOWS\System32\PSAPI.DLL
0x00007fff0df00000 - 0x00007fff0df09000 	C:\WINDOWS\SYSTEM32\WSOCK32.dll
0x00007fff0f240000 - 0x00007fff0f263000 	C:\WINDOWS\SYSTEM32\WINMM.dll
0x00007fff0f8e0000 - 0x00007fff0f8ea000 	C:\WINDOWS\SYSTEM32\VERSION.dll
0x00007fff1d350000 - 0x00007fff1d3bc000 	C:\WINDOWS\System32\WS2_32.dll
0x00007fff0f1f0000 - 0x00007fff0f21a000 	C:\WINDOWS\SYSTEM32\winmmbase.dll
0x00007fff19df0000 - 0x00007fff19e3a000 	C:\WINDOWS\System32\cfgmgr32.dll
0x0000000060930000 - 0x000000006093f000 	C:\Program Files\Java\jdk1.8.0_131\jre\bin\verify.dll
0x0000000060900000 - 0x0000000060929000 	C:\Program Files\Java\jdk1.8.0_131\jre\bin\java.dll
0x00000000608e0000 - 0x00000000608f6000 	C:\Program Files\Java\jdk1.8.0_131\jre\bin\zip.dll
0x00007fff1b990000 - 0x00007fff1cdc6000 	C:\WINDOWS\System32\SHELL32.dll
0x00007fff1b5c0000 - 0x00007fff1b666000 	C:\WINDOWS\System32\shcore.dll
0x00007fff19e60000 - 0x00007fff1a5a7000 	C:\WINDOWS\System32\windows.storage.dll
0x00007fff1ced0000 - 0x00007fff1cf21000 	C:\WINDOWS\System32\shlwapi.dll
0x00007fff19db0000 - 0x00007fff19dc1000 	C:\WINDOWS\System32\kernel.appcore.dll
0x00007fff19d60000 - 0x00007fff19dac000 	C:\WINDOWS\System32\powrprof.dll
0x00007fff19d40000 - 0x00007fff19d5b000 	C:\WINDOWS\System32\profapi.dll
0x00007fff19760000 - 0x00007fff19777000 	C:\WINDOWS\SYSTEM32\CRYPTSP.dll
0x00007fff191b0000 - 0x00007fff191e3000 	C:\WINDOWS\system32\rsaenh.dll
0x00007fff19870000 - 0x00007fff19895000 	C:\WINDOWS\SYSTEM32\bcrypt.dll
0x00007fff19c70000 - 0x00007fff19c99000 	C:\WINDOWS\SYSTEM32\USERENV.dll
0x00007fff19780000 - 0x00007fff1978b000 	C:\WINDOWS\SYSTEM32\CRYPTBASE.dll
0x00000000608c0000 - 0x00000000608da000 	C:\Program Files\Java\jdk1.8.0_131\jre\bin\net.dll
0x00007fff195a0000 - 0x00007fff19606000 	C:\WINDOWS\system32\mswsock.dll
0x00007fff19330000 - 0x00007fff19369000 	C:\WINDOWS\SYSTEM32\IPHLPAPI.DLL
0x00007fff1b920000 - 0x00007fff1b928000 	C:\WINDOWS\System32\NSI.dll
0x00007fff15fb0000 - 0x00007fff15fc6000 	C:\WINDOWS\SYSTEM32\dhcpcsvc6.DLL
0x00007fff15f90000 - 0x00007fff15faa000 	C:\WINDOWS\SYSTEM32\dhcpcsvc.DLL
0x00000000608a0000 - 0x00000000608b1000 	C:\Program Files\Java\jdk1.8.0_131\jre\bin\nio.dll
0x0000000072000000 - 0x0000000072028000 	C:\Users\wanghuawei\.vscode\extensions\redhat.java-0.19.0\server\config_win\org.eclipse.equinox.launcher\org.eclipse.equinox.launcher.win32.win32.x86_64_1.1.700.v20180124-1426\eclipse_1702.dll
0x00007fff15a80000 - 0x00007fff15a91000 	C:\Users\wanghuawei\.vscode\extensions\redhat.java-0.19.0\server\config_win\org.eclipse.osgi\23\0\.cp\jWinHttp-1.0.0.dll
0x00007fff1d3c0000 - 0x00007fff1d509000 	C:\WINDOWS\System32\ole32.dll
0x00007fff172f0000 - 0x00007fff173ce000 	C:\WINDOWS\SYSTEM32\WINHTTP.dll

VM Arguments:
jvm_args: -Declipse.application=org.eclipse.jdt.ls.core.id1 -Dosgi.bundles.defaultStartLevel=4 -Declipse.product=org.eclipse.jdt.ls.core.product -Xverify:none -Xmx1G -XX:+UseG1GC -XX:+UseStringDeduplication 
java_command: C:\Users\wanghuawei\.vscode\extensions\redhat.java-0.19.0\server\plugins\org.eclipse.equinox.launcher_1.5.0.v20180119-0753.jar -configuration C:\Users\wanghuawei\.vscode\extensions\redhat.java-0.19.0\server\config_win -data C:\Users\wanghuawei\AppData\Roaming\Code\User\workspaceStorage\37ef07064328f8f0afb4c7ff96825b5e\redhat.java\jdt_ws
java_class_path (initial): C:\Users\wanghuawei\.vscode\extensions\redhat.java-0.19.0\server\plugins\org.eclipse.equinox.launcher_1.5.0.v20180119-0753.jar
Launcher Type: SUN_STANDARD

Environment Variables:
JAVA_HOME=C:\Program Files\Java\jdk1.8.0_131
CLASSPATH=.,;C:\Program Files\Java\jdk1.8.0_131\lib\dt.jar;C:\Program Files\Java\jdk1.8.0_131\lib\tools.jar;H:\Program Files\apache-tomcat-8.5.23\lib
PATH=C:\Program Files\Python36\Scripts\;C:\Program Files\Python36\;C:\ProgramData\Oracle\Java\javapath;C:\WINDOWS\system32;C:\WINDOWS;C:\WINDOWS\System32\Wbem;C:\WINDOWS\System32\WindowsPowerShell\v1.0\;H:\Program Files\QuickTime\QTSystem\;C:\Program Files (x86)\NVIDIA Corporation\PhysX\Common;C:\Program Files\Microsoft SQL Server\110\Tools\Binn\;H:\android-sdk-windows\tools;C:\WINDOWS\system32;C:\WINDOWS;C:\WINDOWS\System32\Wbem;C:\WINDOWS\System32\WindowsPowerShell\v1.0\;H:\Program Files (x86)\VS2013\VC\bin;H:\Program Files (x86)\VS2013\Common7;C:\Program Files\Java\jdk1.8.0_131\bin;C:\Program Files\Java\jdk1.8.0_131\jre\bin;C:\Program Files\nodejs\;C:\Program Files\MySQL\MySQL Utilities 1.6\;H:\Program Files\apache-tomcat-8.5.23\bin;C:\Program Files\MySQL\MySQL Server 5.7\bin;H:\MinGW\bin;C:\Program Files\dotnet\;F:\Graduate School\whw19950510.github.io\node_modules\.bin;H:\Program Files\apache-maven-3.5.2\bin;H:\m2\repository;C:\Users\wanghuawei\AppData\Local\Programs\Python\Python36-32\;C:\Users\wanghuawei\AppData\Local\Programs\Python\Python36-32\Scripts;C:\Program Files\Redis\;H:\Program Files (x86)\Git\cmd;F:\Graduate School\TA\CS354\Canvas-Uploader\geckodriver-v0.19.1-win64;C:\Python27;C:\Users\wanghuawei\AppData\Local\Microsoft\WindowsApps;C:\Program Files\Microsoft VS Code\bin;C:\Program Files\Heroku\bin;H:\Program Files\apache-maven-3.5.2\bin;C:\Program Files\Java\jdk1.8.0_131\bin;C:\Program Files\Java\jdk1.8.0_131\jre\bin;C:\Program Files\nodejs\;C:\Users\wanghuawei\AppData\Local\Microsoft\WindowsApps;F:\Graduate School\TA\CS354\Canvas-Uploader\geckodriver-v0.19.1-win64;
USERNAME=wanghuawei
OS=Windows_NT
PROCESSOR_IDENTIFIER=Intel64 Family 6 Model 60 Stepping 3, GenuineIntel



---------------  S Y S T E M  ---------------

OS: Windows 10.0 , 64 bit Build 16299 (10.0.16299.15)

CPU:total 8 (initial active 8) (4 cores per cpu, 2 threads per core) family 6 model 60 stepping 3, cmov, cx8, fxsr, mmx, sse, sse2, sse3, ssse3, sse4.1, sse4.2, popcnt, avx, avx2, aes, clmul, erms, lzcnt, ht, tsc, tscinvbit, bmi1, bmi2

Memory: 4k page, physical 12463292k(929384k free), swap 12463292k(20492k free)

vm_info: Java HotSpot(TM) 64-Bit Server VM (25.131-b11) for windows-amd64 JRE (1.8.0_131-b11), built on Mar 15 2017 01:23:53 by "java_re" with MS VC++ 10.0 (VS2010)

time: Thu Feb 22 16:50:48 2018
elapsed time: 1 seconds (0d 0h 0m 1s)

